2025-04-09 21:24:40,866 - httpx - INFO - HTTP Request: POST https://api.telegram.org/bot7155712430:AAHrBq9VZ30qOGEdbIS6CCIZi1N8kOPbo5A/getMe "HTTP/1.1 200 OK"
2025-04-09 21:24:41,147 - httpx - INFO - HTTP Request: POST https://api.telegram.org/bot7155712430:AAHrBq9VZ30qOGEdbIS6CCIZi1N8kOPbo5A/deleteWebhook "HTTP/1.1 200 OK"
2025-04-09 21:24:41,148 - telegram.ext.Application - INFO - Application started
2025-04-09 21:24:46,418 - httpx - INFO - HTTP Request: POST https://api.telegram.org/bot7155712430:AAHrBq9VZ30qOGEdbIS6CCIZi1N8kOPbo5A/getUpdates "HTTP/1.1 200 OK"
2025-04-09 21:24:47,515 - httpx - INFO - HTTP Request: POST https://api.telegram.org/bot7155712430:AAHrBq9VZ30qOGEdbIS6CCIZi1N8kOPbo5A/sendMessage "HTTP/1.1 200 OK"
2025-04-09 21:24:56,577 - httpx - INFO - HTTP Request: POST https://api.telegram.org/bot7155712430:AAHrBq9VZ30qOGEdbIS6CCIZi1N8kOPbo5A/getUpdates "HTTP/1.1 200 OK"
2025-04-09 21:24:57,598 - httpx - INFO - HTTP Request: POST https://api.telegram.org/bot7155712430:AAHrBq9VZ30qOGEdbIS6CCIZi1N8kOPbo5A/sendMessage "HTTP/1.1 200 OK"
2025-04-09 21:25:03,690 - httpx - INFO - HTTP Request: POST https://api.telegram.org/bot7155712430:AAHrBq9VZ30qOGEdbIS6CCIZi1N8kOPbo5A/sendPhoto "HTTP/1.1 200 OK"
2025-04-09 21:25:04,113 - httpx - INFO - HTTP Request: POST https://api.telegram.org/bot7155712430:AAHrBq9VZ30qOGEdbIS6CCIZi1N8kOPbo5A/sendMessage "HTTP/1.1 200 OK"
2025-04-09 21:25:06,898 - httpx - INFO - HTTP Request: POST https://api.telegram.org/bot7155712430:AAHrBq9VZ30qOGEdbIS6CCIZi1N8kOPbo5A/getUpdates "HTTP/1.1 200 OK"
2025-04-09 21:25:17,213 - httpx - INFO - HTTP Request: POST https://api.telegram.org/bot7155712430:AAHrBq9VZ30qOGEdbIS6CCIZi1N8kOPbo5A/getUpdates "HTTP/1.1 200 OK"
2025-04-09 21:25:20,516 - httpx - INFO - HTTP Request: POST https://api.telegram.org/bot7155712430:AAHrBq9VZ30qOGEdbIS6CCIZi1N8kOPbo5A/getUpdates "HTTP/1.1 200 OK"
2025-04-09 21:25:21,488 - httpx - INFO - HTTP Request: POST https://api.telegram.org/bot7155712430:AAHrBq9VZ30qOGEdbIS6CCIZi1N8kOPbo5A/sendMessage "HTTP/1.1 200 OK"
2025-04-09 21:25:30,855 - httpx - INFO - HTTP Request: POST https://api.telegram.org/bot7155712430:AAHrBq9VZ30qOGEdbIS6CCIZi1N8kOPbo5A/getUpdates "HTTP/1.1 200 OK"
2025-04-09 21:25:41,167 - httpx - INFO - HTTP Request: POST https://api.telegram.org/bot7155712430:AAHrBq9VZ30qOGEdbIS6CCIZi1N8kOPbo5A/getUpdates "HTTP/1.1 200 OK"
2025-04-09 21:25:51,478 - httpx - INFO - HTTP Request: POST https://api.telegram.org/bot7155712430:AAHrBq9VZ30qOGEdbIS6CCIZi1N8kOPbo5A/getUpdates "HTTP/1.1 200 OK"
2025-04-09 21:26:01,768 - httpx - INFO - HTTP Request: POST https://api.telegram.org/bot7155712430:AAHrBq9VZ30qOGEdbIS6CCIZi1N8kOPbo5A/getUpdates "HTTP/1.1 200 OK"
2025-04-09 21:26:12,069 - httpx - INFO - HTTP Request: POST https://api.telegram.org/bot7155712430:AAHrBq9VZ30qOGEdbIS6CCIZi1N8kOPbo5A/getUpdates "HTTP/1.1 200 OK"
2025-04-09 21:26:22,372 - httpx - INFO - HTTP Request: POST https://api.telegram.org/bot7155712430:AAHrBq9VZ30qOGEdbIS6CCIZi1N8kOPbo5A/getUpdates "HTTP/1.1 200 OK"
2025-04-09 21:26:32,751 - httpx - INFO - HTTP Request: POST https://api.telegram.org/bot7155712430:AAHrBq9VZ30qOGEdbIS6CCIZi1N8kOPbo5A/getUpdates "HTTP/1.1 200 OK"
2025-04-09 21:26:43,232 - httpx - INFO - HTTP Request: POST https://api.telegram.org/bot7155712430:AAHrBq9VZ30qOGEdbIS6CCIZi1N8kOPbo5A/getUpdates "HTTP/1.1 200 OK"
2025-04-09 21:26:53,538 - httpx - INFO - HTTP Request: POST https://api.telegram.org/bot7155712430:AAHrBq9VZ30qOGEdbIS6CCIZi1N8kOPbo5A/getUpdates "HTTP/1.1 200 OK"
2025-04-09 21:27:04,584 - httpx - INFO - HTTP Request: POST https://api.telegram.org/bot7155712430:AAHrBq9VZ30qOGEdbIS6CCIZi1N8kOPbo5A/getUpdates "HTTP/1.1 200 OK"
2025-04-09 21:27:15,225 - httpx - INFO - HTTP Request: POST https://api.telegram.org/bot7155712430:AAHrBq9VZ30qOGEdbIS6CCIZi1N8kOPbo5A/getUpdates "HTTP/1.1 200 OK"
2025-04-09 21:27:25,547 - httpx - INFO - HTTP Request: POST https://api.telegram.org/bot7155712430:AAHrBq9VZ30qOGEdbIS6CCIZi1N8kOPbo5A/getUpdates "HTTP/1.1 200 OK"
2025-04-09 21:27:35,920 - httpx - INFO - HTTP Request: POST https://api.telegram.org/bot7155712430:AAHrBq9VZ30qOGEdbIS6CCIZi1N8kOPbo5A/getUpdates "HTTP/1.1 200 OK"
2025-04-09 21:27:46,211 - httpx - INFO - HTTP Request: POST https://api.telegram.org/bot7155712430:AAHrBq9VZ30qOGEdbIS6CCIZi1N8kOPbo5A/getUpdates "HTTP/1.1 200 OK"
2025-04-09 21:27:56,499 - httpx - INFO - HTTP Request: POST https://api.telegram.org/bot7155712430:AAHrBq9VZ30qOGEdbIS6CCIZi1N8kOPbo5A/getUpdates "HTTP/1.1 200 OK"
2025-04-09 21:28:01,029 - httpx - INFO - HTTP Request: POST https://api.telegram.org/bot7155712430:AAHrBq9VZ30qOGEdbIS6CCIZi1N8kOPbo5A/getUpdates "HTTP/1.1 200 OK"
2025-04-09 21:28:01,980 - httpx - INFO - HTTP Request: POST https://api.telegram.org/bot7155712430:AAHrBq9VZ30qOGEdbIS6CCIZi1N8kOPbo5A/sendMessage "HTTP/1.1 200 OK"
2025-04-09 21:28:05,949 - httpx - INFO - HTTP Request: POST https://api.telegram.org/bot7155712430:AAHrBq9VZ30qOGEdbIS6CCIZi1N8kOPbo5A/sendPhoto "HTTP/1.1 200 OK"
2025-04-09 21:28:06,244 - httpx - INFO - HTTP Request: POST https://api.telegram.org/bot7155712430:AAHrBq9VZ30qOGEdbIS6CCIZi1N8kOPbo5A/sendMessage "HTTP/1.1 200 OK"
2025-04-09 21:28:11,342 - httpx - INFO - HTTP Request: POST https://api.telegram.org/bot7155712430:AAHrBq9VZ30qOGEdbIS6CCIZi1N8kOPbo5A/getUpdates "HTTP/1.1 200 OK"
2025-04-09 21:28:21,703 - httpx - INFO - HTTP Request: POST https://api.telegram.org/bot7155712430:AAHrBq9VZ30qOGEdbIS6CCIZi1N8kOPbo5A/getUpdates "HTTP/1.1 200 OK"
2025-04-09 21:28:31,999 - httpx - INFO - HTTP Request: POST https://api.telegram.org/bot7155712430:AAHrBq9VZ30qOGEdbIS6CCIZi1N8kOPbo5A/getUpdates "HTTP/1.1 200 OK"
2025-04-09 21:28:42,343 - httpx - INFO - HTTP Request: POST https://api.telegram.org/bot7155712430:AAHrBq9VZ30qOGEdbIS6CCIZi1N8kOPbo5A/getUpdates "HTTP/1.1 200 OK"
2025-04-09 21:28:52,654 - httpx - INFO - HTTP Request: POST https://api.telegram.org/bot7155712430:AAHrBq9VZ30qOGEdbIS6CCIZi1N8kOPbo5A/getUpdates "HTTP/1.1 200 OK"
2025-04-09 21:29:03,013 - httpx - INFO - HTTP Request: POST https://api.telegram.org/bot7155712430:AAHrBq9VZ30qOGEdbIS6CCIZi1N8kOPbo5A/getUpdates "HTTP/1.1 200 OK"
2025-04-09 21:29:13,321 - httpx - INFO - HTTP Request: POST https://api.telegram.org/bot7155712430:AAHrBq9VZ30qOGEdbIS6CCIZi1N8kOPbo5A/getUpdates "HTTP/1.1 200 OK"
2025-04-09 21:29:23,631 - httpx - INFO - HTTP Request: POST https://api.telegram.org/bot7155712430:AAHrBq9VZ30qOGEdbIS6CCIZi1N8kOPbo5A/getUpdates "HTTP/1.1 200 OK"
2025-04-09 21:29:33,942 - httpx - INFO - HTTP Request: POST https://api.telegram.org/bot7155712430:AAHrBq9VZ30qOGEdbIS6CCIZi1N8kOPbo5A/getUpdates "HTTP/1.1 200 OK"
2025-04-09 21:29:44,286 - httpx - INFO - HTTP Request: POST https://api.telegram.org/bot7155712430:AAHrBq9VZ30qOGEdbIS6CCIZi1N8kOPbo5A/getUpdates "HTTP/1.1 200 OK"
2025-04-09 21:29:54,594 - httpx - INFO - HTTP Request: POST https://api.telegram.org/bot7155712430:AAHrBq9VZ30qOGEdbIS6CCIZi1N8kOPbo5A/getUpdates "HTTP/1.1 200 OK"
2025-04-09 21:30:27,280 - httpx - INFO - HTTP Request: POST https://api.telegram.org/bot7155712430:AAHrBq9VZ30qOGEdbIS6CCIZi1N8kOPbo5A/getUpdates "HTTP/1.1 200 OK"
2025-04-09 21:30:37,594 - httpx - INFO - HTTP Request: POST https://api.telegram.org/bot7155712430:AAHrBq9VZ30qOGEdbIS6CCIZi1N8kOPbo5A/getUpdates "HTTP/1.1 200 OK"
2025-04-09 21:30:47,881 - httpx - INFO - HTTP Request: POST https://api.telegram.org/bot7155712430:AAHrBq9VZ30qOGEdbIS6CCIZi1N8kOPbo5A/getUpdates "HTTP/1.1 200 OK"
2025-04-09 21:30:58,174 - httpx - INFO - HTTP Request: POST https://api.telegram.org/bot7155712430:AAHrBq9VZ30qOGEdbIS6CCIZi1N8kOPbo5A/getUpdates "HTTP/1.1 200 OK"
2025-04-09 21:31:08,467 - httpx - INFO - HTTP Request: POST https://api.telegram.org/bot7155712430:AAHrBq9VZ30qOGEdbIS6CCIZi1N8kOPbo5A/getUpdates "HTTP/1.1 200 OK"
2025-04-09 21:31:18,807 - httpx - INFO - HTTP Request: POST https://api.telegram.org/bot7155712430:AAHrBq9VZ30qOGEdbIS6CCIZi1N8kOPbo5A/getUpdates "HTTP/1.1 200 OK"
2025-04-09 21:31:29,127 - httpx - INFO - HTTP Request: POST https://api.telegram.org/bot7155712430:AAHrBq9VZ30qOGEdbIS6CCIZi1N8kOPbo5A/getUpdates "HTTP/1.1 200 OK"
2025-04-09 21:31:39,455 - httpx - INFO - HTTP Request: POST https://api.telegram.org/bot7155712430:AAHrBq9VZ30qOGEdbIS6CCIZi1N8kOPbo5A/getUpdates "HTTP/1.1 200 OK"
2025-04-09 21:31:49,758 - httpx - INFO - HTTP Request: POST https://api.telegram.org/bot7155712430:AAHrBq9VZ30qOGEdbIS6CCIZi1N8kOPbo5A/getUpdates "HTTP/1.1 200 OK"
2025-04-09 21:32:00,074 - httpx - INFO - HTTP Request: POST https://api.telegram.org/bot7155712430:AAHrBq9VZ30qOGEdbIS6CCIZi1N8kOPbo5A/getUpdates "HTTP/1.1 200 OK"
2025-04-09 21:32:10,360 - httpx - INFO - HTTP Request: POST https://api.telegram.org/bot7155712430:AAHrBq9VZ30qOGEdbIS6CCIZi1N8kOPbo5A/getUpdates "HTTP/1.1 200 OK"
2025-04-09 21:32:20,664 - httpx - INFO - HTTP Request: POST https://api.telegram.org/bot7155712430:AAHrBq9VZ30qOGEdbIS6CCIZi1N8kOPbo5A/getUpdates "HTTP/1.1 200 OK"
2025-04-09 21:32:30,949 - httpx - INFO - HTTP Request: POST https://api.telegram.org/bot7155712430:AAHrBq9VZ30qOGEdbIS6CCIZi1N8kOPbo5A/getUpdates "HTTP/1.1 200 OK"
2025-04-09 21:32:41,307 - httpx - INFO - HTTP Request: POST https://api.telegram.org/bot7155712430:AAHrBq9VZ30qOGEdbIS6CCIZi1N8kOPbo5A/getUpdates "HTTP/1.1 200 OK"
2025-04-09 21:32:51,613 - httpx - INFO - HTTP Request: POST https://api.telegram.org/bot7155712430:AAHrBq9VZ30qOGEdbIS6CCIZi1N8kOPbo5A/getUpdates "HTTP/1.1 200 OK"
2025-04-09 21:33:01,947 - httpx - INFO - HTTP Request: POST https://api.telegram.org/bot7155712430:AAHrBq9VZ30qOGEdbIS6CCIZi1N8kOPbo5A/getUpdates "HTTP/1.1 200 OK"
2025-04-09 21:33:12,410 - httpx - INFO - HTTP Request: POST https://api.telegram.org/bot7155712430:AAHrBq9VZ30qOGEdbIS6CCIZi1N8kOPbo5A/getUpdates "HTTP/1.1 200 OK"
2025-04-09 21:33:22,736 - httpx - INFO - HTTP Request: POST https://api.telegram.org/bot7155712430:AAHrBq9VZ30qOGEdbIS6CCIZi1N8kOPbo5A/getUpdates "HTTP/1.1 200 OK"
2025-04-09 21:33:33,053 - httpx - INFO - HTTP Request: POST https://api.telegram.org/bot7155712430:AAHrBq9VZ30qOGEdbIS6CCIZi1N8kOPbo5A/getUpdates "HTTP/1.1 200 OK"
2025-04-09 21:33:43,360 - httpx - INFO - HTTP Request: POST https://api.telegram.org/bot7155712430:AAHrBq9VZ30qOGEdbIS6CCIZi1N8kOPbo5A/getUpdates "HTTP/1.1 200 OK"
2025-04-09 21:33:53,662 - httpx - INFO - HTTP Request: POST https://api.telegram.org/bot7155712430:AAHrBq9VZ30qOGEdbIS6CCIZi1N8kOPbo5A/getUpdates "HTTP/1.1 200 OK"
2025-04-09 21:34:03,985 - httpx - INFO - HTTP Request: POST https://api.telegram.org/bot7155712430:AAHrBq9VZ30qOGEdbIS6CCIZi1N8kOPbo5A/getUpdates "HTTP/1.1 200 OK"
2025-04-09 21:34:14,318 - httpx - INFO - HTTP Request: POST https://api.telegram.org/bot7155712430:AAHrBq9VZ30qOGEdbIS6CCIZi1N8kOPbo5A/getUpdates "HTTP/1.1 200 OK"
2025-04-09 21:34:24,618 - httpx - INFO - HTTP Request: POST https://api.telegram.org/bot7155712430:AAHrBq9VZ30qOGEdbIS6CCIZi1N8kOPbo5A/getUpdates "HTTP/1.1 200 OK"
2025-04-09 21:34:34,926 - httpx - INFO - HTTP Request: POST https://api.telegram.org/bot7155712430:AAHrBq9VZ30qOGEdbIS6CCIZi1N8kOPbo5A/getUpdates "HTTP/1.1 200 OK"
2025-04-09 21:34:45,223 - httpx - INFO - HTTP Request: POST https://api.telegram.org/bot7155712430:AAHrBq9VZ30qOGEdbIS6CCIZi1N8kOPbo5A/getUpdates "HTTP/1.1 200 OK"
2025-04-09 21:34:55,561 - httpx - INFO - HTTP Request: POST https://api.telegram.org/bot7155712430:AAHrBq9VZ30qOGEdbIS6CCIZi1N8kOPbo5A/getUpdates "HTTP/1.1 200 OK"
2025-04-09 21:35:05,890 - httpx - INFO - HTTP Request: POST https://api.telegram.org/bot7155712430:AAHrBq9VZ30qOGEdbIS6CCIZi1N8kOPbo5A/getUpdates "HTTP/1.1 200 OK"
2025-04-09 21:35:16,196 - httpx - INFO - HTTP Request: POST https://api.telegram.org/bot7155712430:AAHrBq9VZ30qOGEdbIS6CCIZi1N8kOPbo5A/getUpdates "HTTP/1.1 200 OK"
2025-04-09 21:35:26,487 - httpx - INFO - HTTP Request: POST https://api.telegram.org/bot7155712430:AAHrBq9VZ30qOGEdbIS6CCIZi1N8kOPbo5A/getUpdates "HTTP/1.1 200 OK"
2025-04-09 21:35:36,797 - httpx - INFO - HTTP Request: POST https://api.telegram.org/bot7155712430:AAHrBq9VZ30qOGEdbIS6CCIZi1N8kOPbo5A/getUpdates "HTTP/1.1 200 OK"
2025-04-09 21:35:47,107 - httpx - INFO - HTTP Request: POST https://api.telegram.org/bot7155712430:AAHrBq9VZ30qOGEdbIS6CCIZi1N8kOPbo5A/getUpdates "HTTP/1.1 200 OK"
2025-04-09 21:35:57,415 - httpx - INFO - HTTP Request: POST https://api.telegram.org/bot7155712430:AAHrBq9VZ30qOGEdbIS6CCIZi1N8kOPbo5A/getUpdates "HTTP/1.1 200 OK"
2025-04-09 21:36:07,724 - httpx - INFO - HTTP Request: POST https://api.telegram.org/bot7155712430:AAHrBq9VZ30qOGEdbIS6CCIZi1N8kOPbo5A/getUpdates "HTTP/1.1 200 OK"
2025-04-09 21:36:18,037 - httpx - INFO - HTTP Request: POST https://api.telegram.org/bot7155712430:AAHrBq9VZ30qOGEdbIS6CCIZi1N8kOPbo5A/getUpdates "HTTP/1.1 200 OK"
2025-04-09 21:36:28,351 - httpx - INFO - HTTP Request: POST https://api.telegram.org/bot7155712430:AAHrBq9VZ30qOGEdbIS6CCIZi1N8kOPbo5A/getUpdates "HTTP/1.1 200 OK"
2025-04-09 21:36:38,678 - httpx - INFO - HTTP Request: POST https://api.telegram.org/bot7155712430:AAHrBq9VZ30qOGEdbIS6CCIZi1N8kOPbo5A/getUpdates "HTTP/1.1 200 OK"
2025-04-09 21:36:49,012 - httpx - INFO - HTTP Request: POST https://api.telegram.org/bot7155712430:AAHrBq9VZ30qOGEdbIS6CCIZi1N8kOPbo5A/getUpdates "HTTP/1.1 200 OK"
2025-04-09 21:36:59,320 - httpx - INFO - HTTP Request: POST https://api.telegram.org/bot7155712430:AAHrBq9VZ30qOGEdbIS6CCIZi1N8kOPbo5A/getUpdates "HTTP/1.1 200 OK"
2025-04-09 21:37:09,661 - httpx - INFO - HTTP Request: POST https://api.telegram.org/bot7155712430:AAHrBq9VZ30qOGEdbIS6CCIZi1N8kOPbo5A/getUpdates "HTTP/1.1 200 OK"
2025-04-09 21:37:19,955 - httpx - INFO - HTTP Request: POST https://api.telegram.org/bot7155712430:AAHrBq9VZ30qOGEdbIS6CCIZi1N8kOPbo5A/getUpdates "HTTP/1.1 200 OK"
2025-04-09 21:37:30,302 - httpx - INFO - HTTP Request: POST https://api.telegram.org/bot7155712430:AAHrBq9VZ30qOGEdbIS6CCIZi1N8kOPbo5A/getUpdates "HTTP/1.1 200 OK"
2025-04-09 21:37:40,613 - httpx - INFO - HTTP Request: POST https://api.telegram.org/bot7155712430:AAHrBq9VZ30qOGEdbIS6CCIZi1N8kOPbo5A/getUpdates "HTTP/1.1 200 OK"
2025-04-09 21:37:50,920 - httpx - INFO - HTTP Request: POST https://api.telegram.org/bot7155712430:AAHrBq9VZ30qOGEdbIS6CCIZi1N8kOPbo5A/getUpdates "HTTP/1.1 200 OK"
2025-04-09 21:38:01,261 - httpx - INFO - HTTP Request: POST https://api.telegram.org/bot7155712430:AAHrBq9VZ30qOGEdbIS6CCIZi1N8kOPbo5A/getUpdates "HTTP/1.1 200 OK"
2025-04-09 21:38:11,571 - httpx - INFO - HTTP Request: POST https://api.telegram.org/bot7155712430:AAHrBq9VZ30qOGEdbIS6CCIZi1N8kOPbo5A/getUpdates "HTTP/1.1 200 OK"
2025-04-09 21:38:21,891 - httpx - INFO - HTTP Request: POST https://api.telegram.org/bot7155712430:AAHrBq9VZ30qOGEdbIS6CCIZi1N8kOPbo5A/getUpdates "HTTP/1.1 200 OK"
2025-04-09 21:38:32,204 - httpx - INFO - HTTP Request: POST https://api.telegram.org/bot7155712430:AAHrBq9VZ30qOGEdbIS6CCIZi1N8kOPbo5A/getUpdates "HTTP/1.1 200 OK"
2025-04-09 21:38:42,532 - httpx - INFO - HTTP Request: POST https://api.telegram.org/bot7155712430:AAHrBq9VZ30qOGEdbIS6CCIZi1N8kOPbo5A/getUpdates "HTTP/1.1 200 OK"
2025-04-09 21:38:52,860 - httpx - INFO - HTTP Request: POST https://api.telegram.org/bot7155712430:AAHrBq9VZ30qOGEdbIS6CCIZi1N8kOPbo5A/getUpdates "HTTP/1.1 200 OK"
2025-04-09 21:39:03,829 - httpx - INFO - HTTP Request: POST https://api.telegram.org/bot7155712430:AAHrBq9VZ30qOGEdbIS6CCIZi1N8kOPbo5A/getUpdates "HTTP/1.1 200 OK"
2025-04-09 21:39:14,405 - httpx - INFO - HTTP Request: POST https://api.telegram.org/bot7155712430:AAHrBq9VZ30qOGEdbIS6CCIZi1N8kOPbo5A/getUpdates "HTTP/1.1 200 OK"
2025-04-09 21:39:24,695 - httpx - INFO - HTTP Request: POST https://api.telegram.org/bot7155712430:AAHrBq9VZ30qOGEdbIS6CCIZi1N8kOPbo5A/getUpdates "HTTP/1.1 200 OK"
2025-04-09 21:39:35,013 - httpx - INFO - HTTP Request: POST https://api.telegram.org/bot7155712430:AAHrBq9VZ30qOGEdbIS6CCIZi1N8kOPbo5A/getUpdates "HTTP/1.1 200 OK"
2025-04-09 21:39:45,310 - httpx - INFO - HTTP Request: POST https://api.telegram.org/bot7155712430:AAHrBq9VZ30qOGEdbIS6CCIZi1N8kOPbo5A/getUpdates "HTTP/1.1 200 OK"
2025-04-09 21:39:55,605 - httpx - INFO - HTTP Request: POST https://api.telegram.org/bot7155712430:AAHrBq9VZ30qOGEdbIS6CCIZi1N8kOPbo5A/getUpdates "HTTP/1.1 200 OK"
2025-04-09 21:40:06,039 - httpx - INFO - HTTP Request: POST https://api.telegram.org/bot7155712430:AAHrBq9VZ30qOGEdbIS6CCIZi1N8kOPbo5A/getUpdates "HTTP/1.1 200 OK"
2025-04-09 21:40:16,397 - httpx - INFO - HTTP Request: POST https://api.telegram.org/bot7155712430:AAHrBq9VZ30qOGEdbIS6CCIZi1N8kOPbo5A/getUpdates "HTTP/1.1 200 OK"
2025-04-09 21:40:26,720 - httpx - INFO - HTTP Request: POST https://api.telegram.org/bot7155712430:AAHrBq9VZ30qOGEdbIS6CCIZi1N8kOPbo5A/getUpdates "HTTP/1.1 200 OK"
2025-04-09 21:40:37,012 - httpx - INFO - HTTP Request: POST https://api.telegram.org/bot7155712430:AAHrBq9VZ30qOGEdbIS6CCIZi1N8kOPbo5A/getUpdates "HTTP/1.1 200 OK"
2025-04-09 21:40:47,319 - httpx - INFO - HTTP Request: POST https://api.telegram.org/bot7155712430:AAHrBq9VZ30qOGEdbIS6CCIZi1N8kOPbo5A/getUpdates "HTTP/1.1 200 OK"
2025-04-09 21:40:57,617 - httpx - INFO - HTTP Request: POST https://api.telegram.org/bot7155712430:AAHrBq9VZ30qOGEdbIS6CCIZi1N8kOPbo5A/getUpdates "HTTP/1.1 200 OK"
2025-04-09 21:41:07,921 - httpx - INFO - HTTP Request: POST https://api.telegram.org/bot7155712430:AAHrBq9VZ30qOGEdbIS6CCIZi1N8kOPbo5A/getUpdates "HTTP/1.1 200 OK"
2025-04-09 21:41:18,243 - httpx - INFO - HTTP Request: POST https://api.telegram.org/bot7155712430:AAHrBq9VZ30qOGEdbIS6CCIZi1N8kOPbo5A/getUpdates "HTTP/1.1 200 OK"
2025-04-09 21:41:28,563 - httpx - INFO - HTTP Request: POST https://api.telegram.org/bot7155712430:AAHrBq9VZ30qOGEdbIS6CCIZi1N8kOPbo5A/getUpdates "HTTP/1.1 200 OK"
2025-04-09 21:41:38,883 - httpx - INFO - HTTP Request: POST https://api.telegram.org/bot7155712430:AAHrBq9VZ30qOGEdbIS6CCIZi1N8kOPbo5A/getUpdates "HTTP/1.1 200 OK"
2025-04-09 21:41:49,196 - httpx - INFO - HTTP Request: POST https://api.telegram.org/bot7155712430:AAHrBq9VZ30qOGEdbIS6CCIZi1N8kOPbo5A/getUpdates "HTTP/1.1 200 OK"
2025-04-09 21:41:59,480 - httpx - INFO - HTTP Request: POST https://api.telegram.org/bot7155712430:AAHrBq9VZ30qOGEdbIS6CCIZi1N8kOPbo5A/getUpdates "HTTP/1.1 200 OK"
2025-04-09 21:42:09,786 - httpx - INFO - HTTP Request: POST https://api.telegram.org/bot7155712430:AAHrBq9VZ30qOGEdbIS6CCIZi1N8kOPbo5A/getUpdates "HTTP/1.1 200 OK"
2025-04-09 21:42:20,089 - httpx - INFO - HTTP Request: POST https://api.telegram.org/bot7155712430:AAHrBq9VZ30qOGEdbIS6CCIZi1N8kOPbo5A/getUpdates "HTTP/1.1 200 OK"
2025-04-09 21:42:30,435 - httpx - INFO - HTTP Request: POST https://api.telegram.org/bot7155712430:AAHrBq9VZ30qOGEdbIS6CCIZi1N8kOPbo5A/getUpdates "HTTP/1.1 200 OK"
2025-04-09 21:42:40,756 - httpx - INFO - HTTP Request: POST https://api.telegram.org/bot7155712430:AAHrBq9VZ30qOGEdbIS6CCIZi1N8kOPbo5A/getUpdates "HTTP/1.1 200 OK"
2025-04-09 21:42:51,067 - httpx - INFO - HTTP Request: POST https://api.telegram.org/bot7155712430:AAHrBq9VZ30qOGEdbIS6CCIZi1N8kOPbo5A/getUpdates "HTTP/1.1 200 OK"
2025-04-09 21:43:01,359 - httpx - INFO - HTTP Request: POST https://api.telegram.org/bot7155712430:AAHrBq9VZ30qOGEdbIS6CCIZi1N8kOPbo5A/getUpdates "HTTP/1.1 200 OK"
2025-04-09 21:43:11,691 - httpx - INFO - HTTP Request: POST https://api.telegram.org/bot7155712430:AAHrBq9VZ30qOGEdbIS6CCIZi1N8kOPbo5A/getUpdates "HTTP/1.1 200 OK"
2025-04-09 21:43:21,996 - httpx - INFO - HTTP Request: POST https://api.telegram.org/bot7155712430:AAHrBq9VZ30qOGEdbIS6CCIZi1N8kOPbo5A/getUpdates "HTTP/1.1 200 OK"
2025-04-09 21:43:32,315 - httpx - INFO - HTTP Request: POST https://api.telegram.org/bot7155712430:AAHrBq9VZ30qOGEdbIS6CCIZi1N8kOPbo5A/getUpdates "HTTP/1.1 200 OK"
2025-04-09 21:43:42,620 - httpx - INFO - HTTP Request: POST https://api.telegram.org/bot7155712430:AAHrBq9VZ30qOGEdbIS6CCIZi1N8kOPbo5A/getUpdates "HTTP/1.1 200 OK"
2025-04-09 21:43:52,911 - httpx - INFO - HTTP Request: POST https://api.telegram.org/bot7155712430:AAHrBq9VZ30qOGEdbIS6CCIZi1N8kOPbo5A/getUpdates "HTTP/1.1 200 OK"
2025-04-09 21:44:03,208 - httpx - INFO - HTTP Request: POST https://api.telegram.org/bot7155712430:AAHrBq9VZ30qOGEdbIS6CCIZi1N8kOPbo5A/getUpdates "HTTP/1.1 200 OK"
2025-04-09 21:44:13,516 - httpx - INFO - HTTP Request: POST https://api.telegram.org/bot7155712430:AAHrBq9VZ30qOGEdbIS6CCIZi1N8kOPbo5A/getUpdates "HTTP/1.1 200 OK"
2025-04-09 21:44:23,834 - httpx - INFO - HTTP Request: POST https://api.telegram.org/bot7155712430:AAHrBq9VZ30qOGEdbIS6CCIZi1N8kOPbo5A/getUpdates "HTTP/1.1 200 OK"
2025-04-09 21:44:34,143 - httpx - INFO - HTTP Request: POST https://api.telegram.org/bot7155712430:AAHrBq9VZ30qOGEdbIS6CCIZi1N8kOPbo5A/getUpdates "HTTP/1.1 200 OK"
2025-04-09 21:44:44,483 - httpx - INFO - HTTP Request: POST https://api.telegram.org/bot7155712430:AAHrBq9VZ30qOGEdbIS6CCIZi1N8kOPbo5A/getUpdates "HTTP/1.1 200 OK"
2025-04-09 21:44:54,792 - httpx - INFO - HTTP Request: POST https://api.telegram.org/bot7155712430:AAHrBq9VZ30qOGEdbIS6CCIZi1N8kOPbo5A/getUpdates "HTTP/1.1 200 OK"
2025-04-09 21:45:05,514 - httpx - INFO - HTTP Request: POST https://api.telegram.org/bot7155712430:AAHrBq9VZ30qOGEdbIS6CCIZi1N8kOPbo5A/getUpdates "HTTP/1.1 200 OK"
2025-04-09 21:45:15,878 - httpx - INFO - HTTP Request: POST https://api.telegram.org/bot7155712430:AAHrBq9VZ30qOGEdbIS6CCIZi1N8kOPbo5A/getUpdates "HTTP/1.1 200 OK"
2025-04-09 21:45:26,203 - httpx - INFO - HTTP Request: POST https://api.telegram.org/bot7155712430:AAHrBq9VZ30qOGEdbIS6CCIZi1N8kOPbo5A/getUpdates "HTTP/1.1 200 OK"
2025-04-09 21:45:36,486 - httpx - INFO - HTTP Request: POST https://api.telegram.org/bot7155712430:AAHrBq9VZ30qOGEdbIS6CCIZi1N8kOPbo5A/getUpdates "HTTP/1.1 200 OK"
2025-04-09 21:45:46,788 - httpx - INFO - HTTP Request: POST https://api.telegram.org/bot7155712430:AAHrBq9VZ30qOGEdbIS6CCIZi1N8kOPbo5A/getUpdates "HTTP/1.1 200 OK"
2025-04-09 21:45:57,095 - httpx - INFO - HTTP Request: POST https://api.telegram.org/bot7155712430:AAHrBq9VZ30qOGEdbIS6CCIZi1N8kOPbo5A/getUpdates "HTTP/1.1 200 OK"
2025-04-09 21:46:07,414 - httpx - INFO - HTTP Request: POST https://api.telegram.org/bot7155712430:AAHrBq9VZ30qOGEdbIS6CCIZi1N8kOPbo5A/getUpdates "HTTP/1.1 200 OK"
2025-04-09 21:46:17,758 - httpx - INFO - HTTP Request: POST https://api.telegram.org/bot7155712430:AAHrBq9VZ30qOGEdbIS6CCIZi1N8kOPbo5A/getUpdates "HTTP/1.1 200 OK"
2025-04-09 21:46:28,081 - httpx - INFO - HTTP Request: POST https://api.telegram.org/bot7155712430:AAHrBq9VZ30qOGEdbIS6CCIZi1N8kOPbo5A/getUpdates "HTTP/1.1 200 OK"
2025-04-09 21:46:38,406 - httpx - INFO - HTTP Request: POST https://api.telegram.org/bot7155712430:AAHrBq9VZ30qOGEdbIS6CCIZi1N8kOPbo5A/getUpdates "HTTP/1.1 200 OK"
2025-04-09 21:46:48,730 - httpx - INFO - HTTP Request: POST https://api.telegram.org/bot7155712430:AAHrBq9VZ30qOGEdbIS6CCIZi1N8kOPbo5A/getUpdates "HTTP/1.1 200 OK"
2025-04-09 21:46:59,038 - httpx - INFO - HTTP Request: POST https://api.telegram.org/bot7155712430:AAHrBq9VZ30qOGEdbIS6CCIZi1N8kOPbo5A/getUpdates "HTTP/1.1 200 OK"
2025-04-09 21:47:09,454 - httpx - INFO - HTTP Request: POST https://api.telegram.org/bot7155712430:AAHrBq9VZ30qOGEdbIS6CCIZi1N8kOPbo5A/getUpdates "HTTP/1.1 200 OK"
2025-04-09 21:47:15,370 - httpx - INFO - HTTP Request: POST https://api.telegram.org/bot7155712430:AAHrBq9VZ30qOGEdbIS6CCIZi1N8kOPbo5A/getUpdates "HTTP/1.1 200 OK"
2025-04-09 21:47:15,371 - telegram.ext.Application - INFO - Application is stopping. This might take a moment.
2025-04-09 21:47:15,371 - telegram.ext.Application - INFO - Application.stop() complete
2025-04-09 21:47:15,372 - __main__ - INFO - Bot started
2025-04-09 21:47:47,705 - httpx - INFO - HTTP Request: POST https://api.telegram.org/bot7155712430:AAHrBq9VZ30qOGEdbIS6CCIZi1N8kOPbo5A/getMe "HTTP/1.1 200 OK"
2025-04-09 21:47:48,008 - httpx - INFO - HTTP Request: POST https://api.telegram.org/bot7155712430:AAHrBq9VZ30qOGEdbIS6CCIZi1N8kOPbo5A/deleteWebhook "HTTP/1.1 200 OK"
2025-04-09 21:47:48,009 - telegram.ext.Application - INFO - Application started
2025-04-09 21:47:58,847 - httpx - INFO - HTTP Request: POST https://api.telegram.org/bot7155712430:AAHrBq9VZ30qOGEdbIS6CCIZi1N8kOPbo5A/getUpdates "HTTP/1.1 200 OK"
2025-04-09 21:48:05,054 - httpx - INFO - HTTP Request: POST https://api.telegram.org/bot7155712430:AAHrBq9VZ30qOGEdbIS6CCIZi1N8kOPbo5A/getUpdates "HTTP/1.1 200 OK"
2025-04-09 21:48:06,190 - httpx - INFO - HTTP Request: POST https://api.telegram.org/bot7155712430:AAHrBq9VZ30qOGEdbIS6CCIZi1N8kOPbo5A/sendMessage "HTTP/1.1 200 OK"
2025-04-09 21:48:15,370 - httpx - INFO - HTTP Request: POST https://api.telegram.org/bot7155712430:AAHrBq9VZ30qOGEdbIS6CCIZi1N8kOPbo5A/getUpdates "HTTP/1.1 200 OK"
2025-04-09 21:48:25,674 - httpx - INFO - HTTP Request: POST https://api.telegram.org/bot7155712430:AAHrBq9VZ30qOGEdbIS6CCIZi1N8kOPbo5A/getUpdates "HTTP/1.1 200 OK"
2025-04-09 21:48:32,743 - httpx - INFO - HTTP Request: POST https://api.telegram.org/bot7155712430:AAHrBq9VZ30qOGEdbIS6CCIZi1N8kOPbo5A/getUpdates "HTTP/1.1 200 OK"
2025-04-09 21:48:33,712 - httpx - INFO - HTTP Request: POST https://api.telegram.org/bot7155712430:AAHrBq9VZ30qOGEdbIS6CCIZi1N8kOPbo5A/sendMessage "HTTP/1.1 200 OK"
2025-04-09 21:48:36,235 - httpx - INFO - HTTP Request: POST https://api.telegram.org/bot7155712430:AAHrBq9VZ30qOGEdbIS6CCIZi1N8kOPbo5A/sendMessage "HTTP/1.1 200 OK"
2025-04-09 21:48:41,422 - httpx - INFO - HTTP Request: POST https://api.telegram.org/bot7155712430:AAHrBq9VZ30qOGEdbIS6CCIZi1N8kOPbo5A/getUpdates "HTTP/1.1 200 OK"
2025-04-09 21:48:42,390 - httpx - INFO - HTTP Request: POST https://api.telegram.org/bot7155712430:AAHrBq9VZ30qOGEdbIS6CCIZi1N8kOPbo5A/editMessageText "HTTP/1.1 200 OK"
2025-04-09 21:48:48,255 - httpx - INFO - HTTP Request: POST https://api.telegram.org/bot7155712430:AAHrBq9VZ30qOGEdbIS6CCIZi1N8kOPbo5A/sendPhoto "HTTP/1.1 200 OK"
2025-04-09 21:48:48,581 - httpx - INFO - HTTP Request: POST https://api.telegram.org/bot7155712430:AAHrBq9VZ30qOGEdbIS6CCIZi1N8kOPbo5A/sendMessage "HTTP/1.1 200 OK"
2025-04-09 21:48:51,745 - httpx - INFO - HTTP Request: POST https://api.telegram.org/bot7155712430:AAHrBq9VZ30qOGEdbIS6CCIZi1N8kOPbo5A/getUpdates "HTTP/1.1 200 OK"
2025-04-09 21:49:02,064 - httpx - INFO - HTTP Request: POST https://api.telegram.org/bot7155712430:AAHrBq9VZ30qOGEdbIS6CCIZi1N8kOPbo5A/getUpdates "HTTP/1.1 200 OK"
2025-04-09 21:49:12,379 - httpx - INFO - HTTP Request: POST https://api.telegram.org/bot7155712430:AAHrBq9VZ30qOGEdbIS6CCIZi1N8kOPbo5A/getUpdates "HTTP/1.1 200 OK"
2025-04-09 21:49:22,710 - httpx - INFO - HTTP Request: POST https://api.telegram.org/bot7155712430:AAHrBq9VZ30qOGEdbIS6CCIZi1N8kOPbo5A/getUpdates "HTTP/1.1 200 OK"
2025-04-09 21:49:33,029 - httpx - INFO - HTTP Request: POST https://api.telegram.org/bot7155712430:AAHrBq9VZ30qOGEdbIS6CCIZi1N8kOPbo5A/getUpdates "HTTP/1.1 200 OK"
2025-04-09 21:49:43,336 - httpx - INFO - HTTP Request: POST https://api.telegram.org/bot7155712430:AAHrBq9VZ30qOGEdbIS6CCIZi1N8kOPbo5A/getUpdates "HTTP/1.1 200 OK"
2025-04-09 21:49:53,642 - httpx - INFO - HTTP Request: POST https://api.telegram.org/bot7155712430:AAHrBq9VZ30qOGEdbIS6CCIZi1N8kOPbo5A/getUpdates "HTTP/1.1 200 OK"
2025-04-09 21:50:05,066 - httpx - INFO - HTTP Request: POST https://api.telegram.org/bot7155712430:AAHrBq9VZ30qOGEdbIS6CCIZi1N8kOPbo5A/getUpdates "HTTP/1.1 200 OK"
2025-04-09 21:50:15,545 - httpx - INFO - HTTP Request: POST https://api.telegram.org/bot7155712430:AAHrBq9VZ30qOGEdbIS6CCIZi1N8kOPbo5A/getUpdates "HTTP/1.1 200 OK"
2025-04-09 21:50:25,895 - httpx - INFO - HTTP Request: POST https://api.telegram.org/bot7155712430:AAHrBq9VZ30qOGEdbIS6CCIZi1N8kOPbo5A/getUpdates "HTTP/1.1 200 OK"
2025-04-09 21:50:36,195 - httpx - INFO - HTTP Request: POST https://api.telegram.org/bot7155712430:AAHrBq9VZ30qOGEdbIS6CCIZi1N8kOPbo5A/getUpdates "HTTP/1.1 200 OK"
2025-04-09 21:50:46,494 - httpx - INFO - HTTP Request: POST https://api.telegram.org/bot7155712430:AAHrBq9VZ30qOGEdbIS6CCIZi1N8kOPbo5A/getUpdates "HTTP/1.1 200 OK"
2025-04-09 21:50:46,789 - httpx - INFO - HTTP Request: POST https://api.telegram.org/bot7155712430:AAHrBq9VZ30qOGEdbIS6CCIZi1N8kOPbo5A/getUpdates "HTTP/1.1 200 OK"
2025-04-09 21:50:47,767 - httpx - INFO - HTTP Request: POST https://api.telegram.org/bot7155712430:AAHrBq9VZ30qOGEdbIS6CCIZi1N8kOPbo5A/sendMessage "HTTP/1.1 200 OK"
2025-04-09 21:50:49,398 - httpx - INFO - HTTP Request: POST https://api.telegram.org/bot7155712430:AAHrBq9VZ30qOGEdbIS6CCIZi1N8kOPbo5A/sendMessage "HTTP/1.1 200 OK"
2025-04-09 21:50:50,807 - httpx - INFO - HTTP Request: POST https://api.telegram.org/bot7155712430:AAHrBq9VZ30qOGEdbIS6CCIZi1N8kOPbo5A/getUpdates "HTTP/1.1 200 OK"
2025-04-09 21:50:51,123 - httpx - INFO - HTTP Request: POST https://api.telegram.org/bot7155712430:AAHrBq9VZ30qOGEdbIS6CCIZi1N8kOPbo5A/editMessageText "HTTP/1.1 200 OK"
2025-04-09 21:51:00,772 - httpx - INFO - HTTP Request: POST https://api.telegram.org/bot7155712430:AAHrBq9VZ30qOGEdbIS6CCIZi1N8kOPbo5A/sendPhoto "HTTP/1.1 200 OK"
2025-04-09 21:51:01,103 - httpx - INFO - HTTP Request: POST https://api.telegram.org/bot7155712430:AAHrBq9VZ30qOGEdbIS6CCIZi1N8kOPbo5A/getUpdates "HTTP/1.1 200 OK"
2025-04-09 21:51:03,072 - httpx - INFO - HTTP Request: POST https://api.telegram.org/bot7155712430:AAHrBq9VZ30qOGEdbIS6CCIZi1N8kOPbo5A/sendPhoto "HTTP/1.1 200 OK"
2025-04-09 21:51:04,368 - httpx - INFO - HTTP Request: POST https://api.telegram.org/bot7155712430:AAHrBq9VZ30qOGEdbIS6CCIZi1N8kOPbo5A/sendMessage "HTTP/1.1 200 OK"
2025-04-09 21:51:11,390 - httpx - INFO - HTTP Request: POST https://api.telegram.org/bot7155712430:AAHrBq9VZ30qOGEdbIS6CCIZi1N8kOPbo5A/getUpdates "HTTP/1.1 200 OK"
2025-04-09 21:51:21,692 - httpx - INFO - HTTP Request: POST https://api.telegram.org/bot7155712430:AAHrBq9VZ30qOGEdbIS6CCIZi1N8kOPbo5A/getUpdates "HTTP/1.1 200 OK"
2025-04-09 21:51:32,014 - httpx - INFO - HTTP Request: POST https://api.telegram.org/bot7155712430:AAHrBq9VZ30qOGEdbIS6CCIZi1N8kOPbo5A/getUpdates "HTTP/1.1 200 OK"
2025-04-09 21:51:42,338 - httpx - INFO - HTTP Request: POST https://api.telegram.org/bot7155712430:AAHrBq9VZ30qOGEdbIS6CCIZi1N8kOPbo5A/getUpdates "HTTP/1.1 200 OK"
2025-04-09 21:51:52,659 - httpx - INFO - HTTP Request: POST https://api.telegram.org/bot7155712430:AAHrBq9VZ30qOGEdbIS6CCIZi1N8kOPbo5A/getUpdates "HTTP/1.1 200 OK"
2025-04-09 21:52:02,983 - httpx - INFO - HTTP Request: POST https://api.telegram.org/bot7155712430:AAHrBq9VZ30qOGEdbIS6CCIZi1N8kOPbo5A/getUpdates "HTTP/1.1 200 OK"
2025-04-09 21:52:13,289 - httpx - INFO - HTTP Request: POST https://api.telegram.org/bot7155712430:AAHrBq9VZ30qOGEdbIS6CCIZi1N8kOPbo5A/getUpdates "HTTP/1.1 200 OK"
2025-04-09 21:52:23,661 - httpx - INFO - HTTP Request: POST https://api.telegram.org/bot7155712430:AAHrBq9VZ30qOGEdbIS6CCIZi1N8kOPbo5A/getUpdates "HTTP/1.1 200 OK"
2025-04-09 21:52:32,984 - httpx - INFO - HTTP Request: POST https://api.telegram.org/bot7155712430:AAHrBq9VZ30qOGEdbIS6CCIZi1N8kOPbo5A/getUpdates "HTTP/1.1 200 OK"
2025-04-09 21:52:32,985 - telegram.ext.Application - INFO - Application is stopping. This might take a moment.
2025-04-09 21:52:32,985 - telegram.ext.Application - INFO - Application.stop() complete
2025-04-09 21:52:32,985 - __main__ - INFO - Bot started
2025-04-09 21:53:37,637 - httpx - INFO - HTTP Request: POST https://api.telegram.org/bot7155712430:AAHrBq9VZ30qOGEdbIS6CCIZi1N8kOPbo5A/getMe "HTTP/1.1 200 OK"
2025-04-09 21:53:37,933 - httpx - INFO - HTTP Request: POST https://api.telegram.org/bot7155712430:AAHrBq9VZ30qOGEdbIS6CCIZi1N8kOPbo5A/deleteWebhook "HTTP/1.1 200 OK"
2025-04-09 21:53:37,934 - telegram.ext.Application - INFO - Application started
2025-04-09 21:53:47,733 - httpx - INFO - HTTP Request: POST https://api.telegram.org/bot7155712430:AAHrBq9VZ30qOGEdbIS6CCIZi1N8kOPbo5A/getUpdates "HTTP/1.1 200 OK"
2025-04-09 21:53:48,746 - httpx - INFO - HTTP Request: POST https://api.telegram.org/bot7155712430:AAHrBq9VZ30qOGEdbIS6CCIZi1N8kOPbo5A/sendMessage "HTTP/1.1 200 OK"
2025-04-09 21:53:52,806 - httpx - INFO - HTTP Request: POST https://api.telegram.org/bot7155712430:AAHrBq9VZ30qOGEdbIS6CCIZi1N8kOPbo5A/sendPhoto "HTTP/1.1 200 OK"
2025-04-09 21:53:53,125 - httpx - INFO - HTTP Request: POST https://api.telegram.org/bot7155712430:AAHrBq9VZ30qOGEdbIS6CCIZi1N8kOPbo5A/sendMessage "HTTP/1.1 200 OK"
2025-04-09 21:53:55,757 - httpx - INFO - HTTP Request: POST https://api.telegram.org/bot7155712430:AAHrBq9VZ30qOGEdbIS6CCIZi1N8kOPbo5A/getUpdates "HTTP/1.1 200 OK"
2025-04-09 21:53:56,066 - httpx - INFO - HTTP Request: POST https://api.telegram.org/bot7155712430:AAHrBq9VZ30qOGEdbIS6CCIZi1N8kOPbo5A/editMessageText "HTTP/1.1 400 Bad Request"
2025-04-09 21:53:56,392 - httpx - INFO - HTTP Request: POST https://api.telegram.org/bot7155712430:AAHrBq9VZ30qOGEdbIS6CCIZi1N8kOPbo5A/sendMessage "HTTP/1.1 200 OK"
2025-04-09 21:54:06,076 - httpx - INFO - HTTP Request: POST https://api.telegram.org/bot7155712430:AAHrBq9VZ30qOGEdbIS6CCIZi1N8kOPbo5A/getUpdates "HTTP/1.1 200 OK"
2025-04-09 21:54:16,370 - httpx - INFO - HTTP Request: POST https://api.telegram.org/bot7155712430:AAHrBq9VZ30qOGEdbIS6CCIZi1N8kOPbo5A/getUpdates "HTTP/1.1 200 OK"
2025-04-09 21:54:23,605 - httpx - INFO - HTTP Request: POST https://api.telegram.org/bot7155712430:AAHrBq9VZ30qOGEdbIS6CCIZi1N8kOPbo5A/getUpdates "HTTP/1.1 200 OK"
2025-04-09 21:54:23,606 - telegram.ext.Application - INFO - Application is stopping. This might take a moment.
2025-04-09 21:54:23,606 - telegram.ext.Application - INFO - Application.stop() complete
2025-04-09 21:54:23,606 - __main__ - INFO - Bot started
2025-04-09 21:57:23,236 - httpx - INFO - HTTP Request: POST https://api.telegram.org/bot7155712430:AAHrBq9VZ30qOGEdbIS6CCIZi1N8kOPbo5A/getMe "HTTP/1.1 200 OK"
2025-04-09 21:57:23,548 - httpx - INFO - HTTP Request: POST https://api.telegram.org/bot7155712430:AAHrBq9VZ30qOGEdbIS6CCIZi1N8kOPbo5A/deleteWebhook "HTTP/1.1 200 OK"
2025-04-09 21:57:23,549 - telegram.ext.Application - INFO - Application started
2025-04-09 21:57:28,135 - httpx - INFO - HTTP Request: POST https://api.telegram.org/bot7155712430:AAHrBq9VZ30qOGEdbIS6CCIZi1N8kOPbo5A/getUpdates "HTTP/1.1 200 OK"
2025-04-09 21:57:28,479 - httpx - INFO - HTTP Request: POST https://api.telegram.org/bot7155712430:AAHrBq9VZ30qOGEdbIS6CCIZi1N8kOPbo5A/sendMessage "HTTP/1.1 200 OK"
2025-04-09 21:57:32,922 - httpx - INFO - HTTP Request: POST https://api.telegram.org/bot7155712430:AAHrBq9VZ30qOGEdbIS6CCIZi1N8kOPbo5A/sendPhoto "HTTP/1.1 200 OK"
2025-04-09 21:57:33,294 - httpx - INFO - HTTP Request: POST https://api.telegram.org/bot7155712430:AAHrBq9VZ30qOGEdbIS6CCIZi1N8kOPbo5A/sendMessage "HTTP/1.1 200 OK"
2025-04-09 21:57:34,260 - httpx - INFO - HTTP Request: POST https://api.telegram.org/bot7155712430:AAHrBq9VZ30qOGEdbIS6CCIZi1N8kOPbo5A/getUpdates "HTTP/1.1 200 OK"
2025-04-09 21:57:34,591 - httpx - INFO - HTTP Request: POST https://api.telegram.org/bot7155712430:AAHrBq9VZ30qOGEdbIS6CCIZi1N8kOPbo5A/sendMessage "HTTP/1.1 200 OK"
2025-04-09 21:57:34,928 - httpx - INFO - HTTP Request: POST https://api.telegram.org/bot7155712430:AAHrBq9VZ30qOGEdbIS6CCIZi1N8kOPbo5A/answerCallbackQuery "HTTP/1.1 200 OK"
2025-04-09 21:57:44,569 - httpx - INFO - HTTP Request: POST https://api.telegram.org/bot7155712430:AAHrBq9VZ30qOGEdbIS6CCIZi1N8kOPbo5A/getUpdates "HTTP/1.1 200 OK"
2025-04-09 21:57:54,888 - httpx - INFO - HTTP Request: POST https://api.telegram.org/bot7155712430:AAHrBq9VZ30qOGEdbIS6CCIZi1N8kOPbo5A/getUpdates "HTTP/1.1 200 OK"
2025-04-09 21:58:05,193 - httpx - INFO - HTTP Request: POST https://api.telegram.org/bot7155712430:AAHrBq9VZ30qOGEdbIS6CCIZi1N8kOPbo5A/getUpdates "HTTP/1.1 200 OK"
2025-04-09 21:58:15,526 - httpx - INFO - HTTP Request: POST https://api.telegram.org/bot7155712430:AAHrBq9VZ30qOGEdbIS6CCIZi1N8kOPbo5A/getUpdates "HTTP/1.1 200 OK"
2025-04-09 21:58:25,827 - httpx - INFO - HTTP Request: POST https://api.telegram.org/bot7155712430:AAHrBq9VZ30qOGEdbIS6CCIZi1N8kOPbo5A/getUpdates "HTTP/1.1 200 OK"
2025-04-09 21:58:36,130 - httpx - INFO - HTTP Request: POST https://api.telegram.org/bot7155712430:AAHrBq9VZ30qOGEdbIS6CCIZi1N8kOPbo5A/getUpdates "HTTP/1.1 200 OK"
2025-04-09 21:58:46,454 - httpx - INFO - HTTP Request: POST https://api.telegram.org/bot7155712430:AAHrBq9VZ30qOGEdbIS6CCIZi1N8kOPbo5A/getUpdates "HTTP/1.1 200 OK"
2025-04-09 21:58:56,761 - httpx - INFO - HTTP Request: POST https://api.telegram.org/bot7155712430:AAHrBq9VZ30qOGEdbIS6CCIZi1N8kOPbo5A/getUpdates "HTTP/1.1 200 OK"
2025-04-09 21:59:07,100 - httpx - INFO - HTTP Request: POST https://api.telegram.org/bot7155712430:AAHrBq9VZ30qOGEdbIS6CCIZi1N8kOPbo5A/getUpdates "HTTP/1.1 200 OK"
2025-04-09 21:59:17,402 - httpx - INFO - HTTP Request: POST https://api.telegram.org/bot7155712430:AAHrBq9VZ30qOGEdbIS6CCIZi1N8kOPbo5A/getUpdates "HTTP/1.1 200 OK"
2025-04-09 21:59:27,734 - httpx - INFO - HTTP Request: POST https://api.telegram.org/bot7155712430:AAHrBq9VZ30qOGEdbIS6CCIZi1N8kOPbo5A/getUpdates "HTTP/1.1 200 OK"
2025-04-09 21:59:38,047 - httpx - INFO - HTTP Request: POST https://api.telegram.org/bot7155712430:AAHrBq9VZ30qOGEdbIS6CCIZi1N8kOPbo5A/getUpdates "HTTP/1.1 200 OK"
2025-04-09 21:59:48,370 - httpx - INFO - HTTP Request: POST https://api.telegram.org/bot7155712430:AAHrBq9VZ30qOGEdbIS6CCIZi1N8kOPbo5A/getUpdates "HTTP/1.1 200 OK"
2025-04-09 21:59:54,312 - httpx - INFO - HTTP Request: POST https://api.telegram.org/bot7155712430:AAHrBq9VZ30qOGEdbIS6CCIZi1N8kOPbo5A/getUpdates "HTTP/1.1 200 OK"
2025-04-09 21:59:54,312 - telegram.ext.Application - INFO - Application is stopping. This might take a moment.
2025-04-09 21:59:54,312 - telegram.ext.Application - INFO - Application.stop() complete
2025-04-09 21:59:54,313 - __main__ - INFO - Bot started
2025-04-09 22:01:19,385 - httpx - INFO - HTTP Request: POST https://api.telegram.org/bot7155712430:AAHrBq9VZ30qOGEdbIS6CCIZi1N8kOPbo5A/getMe "HTTP/1.1 200 OK"
2025-04-09 22:01:19,705 - httpx - INFO - HTTP Request: POST https://api.telegram.org/bot7155712430:AAHrBq9VZ30qOGEdbIS6CCIZi1N8kOPbo5A/deleteWebhook "HTTP/1.1 200 OK"
2025-04-09 22:01:19,706 - telegram.ext.Application - INFO - Application started
2025-04-09 22:01:30,626 - httpx - INFO - HTTP Request: POST https://api.telegram.org/bot7155712430:AAHrBq9VZ30qOGEdbIS6CCIZi1N8kOPbo5A/getUpdates "HTTP/1.1 200 OK"
2025-04-09 22:01:37,148 - httpx - INFO - HTTP Request: POST https://api.telegram.org/bot7155712430:AAHrBq9VZ30qOGEdbIS6CCIZi1N8kOPbo5A/getUpdates "HTTP/1.1 200 OK"
2025-04-09 22:01:38,200 - httpx - INFO - HTTP Request: POST https://api.telegram.org/bot7155712430:AAHrBq9VZ30qOGEdbIS6CCIZi1N8kOPbo5A/sendMessage "HTTP/1.1 200 OK"
2025-04-09 22:01:46,847 - httpx - INFO - HTTP Request: POST https://api.telegram.org/bot7155712430:AAHrBq9VZ30qOGEdbIS6CCIZi1N8kOPbo5A/sendPhoto "HTTP/1.1 200 OK"
2025-04-09 22:01:47,379 - httpx - INFO - HTTP Request: POST https://api.telegram.org/bot7155712430:AAHrBq9VZ30qOGEdbIS6CCIZi1N8kOPbo5A/sendMessage "HTTP/1.1 200 OK"
2025-04-09 22:01:47,460 - httpx - INFO - HTTP Request: POST https://api.telegram.org/bot7155712430:AAHrBq9VZ30qOGEdbIS6CCIZi1N8kOPbo5A/getUpdates "HTTP/1.1 200 OK"
2025-04-09 22:01:57,773 - httpx - INFO - HTTP Request: POST https://api.telegram.org/bot7155712430:AAHrBq9VZ30qOGEdbIS6CCIZi1N8kOPbo5A/getUpdates "HTTP/1.1 200 OK"
2025-04-09 22:02:08,077 - httpx - INFO - HTTP Request: POST https://api.telegram.org/bot7155712430:AAHrBq9VZ30qOGEdbIS6CCIZi1N8kOPbo5A/getUpdates "HTTP/1.1 200 OK"
2025-04-09 22:02:18,367 - httpx - INFO - HTTP Request: POST https://api.telegram.org/bot7155712430:AAHrBq9VZ30qOGEdbIS6CCIZi1N8kOPbo5A/getUpdates "HTTP/1.1 200 OK"
2025-04-09 22:02:28,653 - httpx - INFO - HTTP Request: POST https://api.telegram.org/bot7155712430:AAHrBq9VZ30qOGEdbIS6CCIZi1N8kOPbo5A/getUpdates "HTTP/1.1 200 OK"
2025-04-09 22:02:38,956 - httpx - INFO - HTTP Request: POST https://api.telegram.org/bot7155712430:AAHrBq9VZ30qOGEdbIS6CCIZi1N8kOPbo5A/getUpdates "HTTP/1.1 200 OK"
2025-04-09 22:02:49,273 - httpx - INFO - HTTP Request: POST https://api.telegram.org/bot7155712430:AAHrBq9VZ30qOGEdbIS6CCIZi1N8kOPbo5A/getUpdates "HTTP/1.1 200 OK"
2025-04-09 22:02:59,607 - httpx - INFO - HTTP Request: POST https://api.telegram.org/bot7155712430:AAHrBq9VZ30qOGEdbIS6CCIZi1N8kOPbo5A/getUpdates "HTTP/1.1 200 OK"
2025-04-09 22:03:09,440 - httpx - INFO - HTTP Request: POST https://api.telegram.org/bot7155712430:AAHrBq9VZ30qOGEdbIS6CCIZi1N8kOPbo5A/getUpdates "HTTP/1.1 200 OK"
2025-04-09 22:03:09,441 - telegram.ext.Application - INFO - Application is stopping. This might take a moment.
2025-04-09 22:03:09,441 - telegram.ext.Application - INFO - Application.stop() complete
2025-04-09 22:03:09,442 - __main__ - INFO - Bot started
2025-04-09 22:03:12,202 - httpx - INFO - HTTP Request: POST https://api.telegram.org/bot7155712430:AAHrBq9VZ30qOGEdbIS6CCIZi1N8kOPbo5A/getMe "HTTP/1.1 200 OK"
2025-04-09 22:03:12,487 - httpx - INFO - HTTP Request: POST https://api.telegram.org/bot7155712430:AAHrBq9VZ30qOGEdbIS6CCIZi1N8kOPbo5A/deleteWebhook "HTTP/1.1 200 OK"
2025-04-09 22:03:12,488 - telegram.ext.Application - INFO - Application started
2025-04-09 22:03:23,395 - httpx - INFO - HTTP Request: POST https://api.telegram.org/bot7155712430:AAHrBq9VZ30qOGEdbIS6CCIZi1N8kOPbo5A/getUpdates "HTTP/1.1 200 OK"
2025-04-09 22:03:31,329 - httpx - INFO - HTTP Request: POST https://api.telegram.org/bot7155712430:AAHrBq9VZ30qOGEdbIS6CCIZi1N8kOPbo5A/getUpdates "HTTP/1.1 200 OK"
2025-04-09 22:03:32,355 - httpx - INFO - HTTP Request: POST https://api.telegram.org/bot7155712430:AAHrBq9VZ30qOGEdbIS6CCIZi1N8kOPbo5A/sendMessage "HTTP/1.1 200 OK"
2025-04-09 22:03:39,274 - httpx - INFO - HTTP Request: POST https://api.telegram.org/bot7155712430:AAHrBq9VZ30qOGEdbIS6CCIZi1N8kOPbo5A/sendPhoto "HTTP/1.1 200 OK"
2025-04-09 22:03:39,610 - httpx - INFO - HTTP Request: POST https://api.telegram.org/bot7155712430:AAHrBq9VZ30qOGEdbIS6CCIZi1N8kOPbo5A/sendMessage "HTTP/1.1 200 OK"
2025-04-09 22:03:41,649 - httpx - INFO - HTTP Request: POST https://api.telegram.org/bot7155712430:AAHrBq9VZ30qOGEdbIS6CCIZi1N8kOPbo5A/getUpdates "HTTP/1.1 200 OK"
2025-04-09 22:03:42,154 - httpx - INFO - HTTP Request: POST https://api.telegram.org/bot7155712430:AAHrBq9VZ30qOGEdbIS6CCIZi1N8kOPbo5A/getUpdates "HTTP/1.1 200 OK"
2025-04-09 22:03:42,489 - httpx - INFO - HTTP Request: POST https://api.telegram.org/bot7155712430:AAHrBq9VZ30qOGEdbIS6CCIZi1N8kOPbo5A/sendMessage "HTTP/1.1 200 OK"
2025-04-09 22:03:42,791 - httpx - INFO - HTTP Request: POST https://api.telegram.org/bot7155712430:AAHrBq9VZ30qOGEdbIS6CCIZi1N8kOPbo5A/answerCallbackQuery "HTTP/1.1 200 OK"
2025-04-09 22:03:52,443 - httpx - INFO - HTTP Request: POST https://api.telegram.org/bot7155712430:AAHrBq9VZ30qOGEdbIS6CCIZi1N8kOPbo5A/getUpdates "HTTP/1.1 200 OK"
2025-04-09 22:04:02,755 - httpx - INFO - HTTP Request: POST https://api.telegram.org/bot7155712430:AAHrBq9VZ30qOGEdbIS6CCIZi1N8kOPbo5A/getUpdates "HTTP/1.1 200 OK"
2025-04-09 22:04:11,190 - httpx - INFO - HTTP Request: POST https://api.telegram.org/bot7155712430:AAHrBq9VZ30qOGEdbIS6CCIZi1N8kOPbo5A/getUpdates "HTTP/1.1 200 OK"
2025-04-09 22:04:12,114 - httpx - INFO - HTTP Request: POST https://api.telegram.org/bot7155712430:AAHrBq9VZ30qOGEdbIS6CCIZi1N8kOPbo5A/sendMessage "HTTP/1.1 200 OK"
2025-04-09 22:04:17,080 - httpx - INFO - HTTP Request: POST https://api.telegram.org/bot7155712430:AAHrBq9VZ30qOGEdbIS6CCIZi1N8kOPbo5A/sendPhoto "HTTP/1.1 200 OK"
2025-04-09 22:04:18,207 - httpx - INFO - HTTP Request: POST https://api.telegram.org/bot7155712430:AAHrBq9VZ30qOGEdbIS6CCIZi1N8kOPbo5A/sendMessage "HTTP/1.1 200 OK"
2025-04-09 22:04:20,682 - httpx - INFO - HTTP Request: POST https://api.telegram.org/bot7155712430:AAHrBq9VZ30qOGEdbIS6CCIZi1N8kOPbo5A/getUpdates "HTTP/1.1 200 OK"
2025-04-09 22:04:21,031 - httpx - INFO - HTTP Request: POST https://api.telegram.org/bot7155712430:AAHrBq9VZ30qOGEdbIS6CCIZi1N8kOPbo5A/sendMessage "HTTP/1.1 200 OK"
2025-04-09 22:04:21,358 - httpx - INFO - HTTP Request: POST https://api.telegram.org/bot7155712430:AAHrBq9VZ30qOGEdbIS6CCIZi1N8kOPbo5A/answerCallbackQuery "HTTP/1.1 200 OK"
2025-04-09 22:04:31,011 - httpx - INFO - HTTP Request: POST https://api.telegram.org/bot7155712430:AAHrBq9VZ30qOGEdbIS6CCIZi1N8kOPbo5A/getUpdates "HTTP/1.1 200 OK"
2025-04-09 22:04:41,335 - httpx - INFO - HTTP Request: POST https://api.telegram.org/bot7155712430:AAHrBq9VZ30qOGEdbIS6CCIZi1N8kOPbo5A/getUpdates "HTTP/1.1 200 OK"
2025-04-09 22:04:51,645 - httpx - INFO - HTTP Request: POST https://api.telegram.org/bot7155712430:AAHrBq9VZ30qOGEdbIS6CCIZi1N8kOPbo5A/getUpdates "HTTP/1.1 200 OK"
2025-04-09 22:05:01,972 - httpx - INFO - HTTP Request: POST https://api.telegram.org/bot7155712430:AAHrBq9VZ30qOGEdbIS6CCIZi1N8kOPbo5A/getUpdates "HTTP/1.1 200 OK"
2025-04-09 22:05:12,280 - httpx - INFO - HTTP Request: POST https://api.telegram.org/bot7155712430:AAHrBq9VZ30qOGEdbIS6CCIZi1N8kOPbo5A/getUpdates "HTTP/1.1 200 OK"
2025-04-09 22:05:22,600 - httpx - INFO - HTTP Request: POST https://api.telegram.org/bot7155712430:AAHrBq9VZ30qOGEdbIS6CCIZi1N8kOPbo5A/getUpdates "HTTP/1.1 200 OK"
2025-04-09 22:05:32,918 - httpx - INFO - HTTP Request: POST https://api.telegram.org/bot7155712430:AAHrBq9VZ30qOGEdbIS6CCIZi1N8kOPbo5A/getUpdates "HTTP/1.1 200 OK"
2025-04-09 22:05:43,232 - httpx - INFO - HTTP Request: POST https://api.telegram.org/bot7155712430:AAHrBq9VZ30qOGEdbIS6CCIZi1N8kOPbo5A/getUpdates "HTTP/1.1 200 OK"
2025-04-09 22:05:53,523 - httpx - INFO - HTTP Request: POST https://api.telegram.org/bot7155712430:AAHrBq9VZ30qOGEdbIS6CCIZi1N8kOPbo5A/getUpdates "HTTP/1.1 200 OK"
2025-04-09 22:06:04,989 - httpx - INFO - HTTP Request: POST https://api.telegram.org/bot7155712430:AAHrBq9VZ30qOGEdbIS6CCIZi1N8kOPbo5A/getUpdates "HTTP/1.1 200 OK"
2025-04-09 22:06:06,227 - httpx - INFO - HTTP Request: POST https://api.telegram.org/bot7155712430:AAHrBq9VZ30qOGEdbIS6CCIZi1N8kOPbo5A/sendMessage "HTTP/1.1 200 OK"
2025-04-09 22:06:15,369 - httpx - INFO - HTTP Request: POST https://api.telegram.org/bot7155712430:AAHrBq9VZ30qOGEdbIS6CCIZi1N8kOPbo5A/getUpdates "HTTP/1.1 200 OK"
2025-04-09 22:06:15,826 - __main__ - ERROR - Telegram error: Timed out
2025-04-09 22:06:17,023 - httpx - INFO - HTTP Request: POST https://api.telegram.org/bot7155712430:AAHrBq9VZ30qOGEdbIS6CCIZi1N8kOPbo5A/sendMessage "HTTP/1.1 200 OK"
2025-04-09 22:06:25,714 - httpx - INFO - HTTP Request: POST https://api.telegram.org/bot7155712430:AAHrBq9VZ30qOGEdbIS6CCIZi1N8kOPbo5A/getUpdates "HTTP/1.1 200 OK"
2025-04-09 22:06:36,026 - httpx - INFO - HTTP Request: POST https://api.telegram.org/bot7155712430:AAHrBq9VZ30qOGEdbIS6CCIZi1N8kOPbo5A/getUpdates "HTTP/1.1 200 OK"
2025-04-09 22:06:46,357 - httpx - INFO - HTTP Request: POST https://api.telegram.org/bot7155712430:AAHrBq9VZ30qOGEdbIS6CCIZi1N8kOPbo5A/getUpdates "HTTP/1.1 200 OK"
2025-04-09 22:06:47,096 - httpx - INFO - HTTP Request: POST https://api.telegram.org/bot7155712430:AAHrBq9VZ30qOGEdbIS6CCIZi1N8kOPbo5A/getUpdates "HTTP/1.1 200 OK"
2025-04-09 22:06:48,023 - httpx - INFO - HTTP Request: POST https://api.telegram.org/bot7155712430:AAHrBq9VZ30qOGEdbIS6CCIZi1N8kOPbo5A/sendMessage "HTTP/1.1 200 OK"
2025-04-09 22:06:53,924 - httpx - INFO - HTTP Request: POST https://api.telegram.org/bot7155712430:AAHrBq9VZ30qOGEdbIS6CCIZi1N8kOPbo5A/sendPhoto "HTTP/1.1 200 OK"
2025-04-09 22:06:54,276 - httpx - INFO - HTTP Request: POST https://api.telegram.org/bot7155712430:AAHrBq9VZ30qOGEdbIS6CCIZi1N8kOPbo5A/sendMessage "HTTP/1.1 200 OK"
2025-04-09 22:06:57,398 - httpx - INFO - HTTP Request: POST https://api.telegram.org/bot7155712430:AAHrBq9VZ30qOGEdbIS6CCIZi1N8kOPbo5A/getUpdates "HTTP/1.1 200 OK"
2025-04-09 22:07:03,196 - httpx - INFO - HTTP Request: POST https://api.telegram.org/bot7155712430:AAHrBq9VZ30qOGEdbIS6CCIZi1N8kOPbo5A/getUpdates "HTTP/1.1 200 OK"
2025-04-09 22:07:04,215 - httpx - INFO - HTTP Request: POST https://api.telegram.org/bot7155712430:AAHrBq9VZ30qOGEdbIS6CCIZi1N8kOPbo5A/sendMessage "HTTP/1.1 200 OK"
2025-04-09 22:07:04,516 - httpx - INFO - HTTP Request: POST https://api.telegram.org/bot7155712430:AAHrBq9VZ30qOGEdbIS6CCIZi1N8kOPbo5A/answerCallbackQuery "HTTP/1.1 200 OK"
2025-04-09 22:07:13,514 - httpx - INFO - HTTP Request: POST https://api.telegram.org/bot7155712430:AAHrBq9VZ30qOGEdbIS6CCIZi1N8kOPbo5A/getUpdates "HTTP/1.1 200 OK"
2025-04-09 22:07:23,812 - httpx - INFO - HTTP Request: POST https://api.telegram.org/bot7155712430:AAHrBq9VZ30qOGEdbIS6CCIZi1N8kOPbo5A/getUpdates "HTTP/1.1 200 OK"
2025-04-09 22:07:34,377 - httpx - INFO - HTTP Request: POST https://api.telegram.org/bot7155712430:AAHrBq9VZ30qOGEdbIS6CCIZi1N8kOPbo5A/getUpdates "HTTP/1.1 200 OK"
2025-04-09 22:07:44,680 - httpx - INFO - HTTP Request: POST https://api.telegram.org/bot7155712430:AAHrBq9VZ30qOGEdbIS6CCIZi1N8kOPbo5A/getUpdates "HTTP/1.1 200 OK"
2025-04-09 22:07:54,991 - httpx - INFO - HTTP Request: POST https://api.telegram.org/bot7155712430:AAHrBq9VZ30qOGEdbIS6CCIZi1N8kOPbo5A/getUpdates "HTTP/1.1 200 OK"
2025-04-09 22:08:05,311 - httpx - INFO - HTTP Request: POST https://api.telegram.org/bot7155712430:AAHrBq9VZ30qOGEdbIS6CCIZi1N8kOPbo5A/getUpdates "HTTP/1.1 200 OK"
2025-04-09 22:08:15,626 - httpx - INFO - HTTP Request: POST https://api.telegram.org/bot7155712430:AAHrBq9VZ30qOGEdbIS6CCIZi1N8kOPbo5A/getUpdates "HTTP/1.1 200 OK"
2025-04-09 22:08:25,930 - httpx - INFO - HTTP Request: POST https://api.telegram.org/bot7155712430:AAHrBq9VZ30qOGEdbIS6CCIZi1N8kOPbo5A/getUpdates "HTTP/1.1 200 OK"
2025-04-09 22:08:36,199 - httpx - INFO - HTTP Request: POST https://api.telegram.org/bot7155712430:AAHrBq9VZ30qOGEdbIS6CCIZi1N8kOPbo5A/getUpdates "HTTP/1.1 200 OK"
2025-04-09 22:08:46,478 - httpx - INFO - HTTP Request: POST https://api.telegram.org/bot7155712430:AAHrBq9VZ30qOGEdbIS6CCIZi1N8kOPbo5A/getUpdates "HTTP/1.1 200 OK"
2025-04-09 22:08:56,792 - httpx - INFO - HTTP Request: POST https://api.telegram.org/bot7155712430:AAHrBq9VZ30qOGEdbIS6CCIZi1N8kOPbo5A/getUpdates "HTTP/1.1 200 OK"
2025-04-09 22:09:07,369 - httpx - INFO - HTTP Request: POST https://api.telegram.org/bot7155712430:AAHrBq9VZ30qOGEdbIS6CCIZi1N8kOPbo5A/getUpdates "HTTP/1.1 200 OK"
2025-04-09 22:09:17,660 - httpx - INFO - HTTP Request: POST https://api.telegram.org/bot7155712430:AAHrBq9VZ30qOGEdbIS6CCIZi1N8kOPbo5A/getUpdates "HTTP/1.1 200 OK"
2025-04-09 22:09:27,956 - httpx - INFO - HTTP Request: POST https://api.telegram.org/bot7155712430:AAHrBq9VZ30qOGEdbIS6CCIZi1N8kOPbo5A/getUpdates "HTTP/1.1 200 OK"
2025-04-09 22:09:38,270 - httpx - INFO - HTTP Request: POST https://api.telegram.org/bot7155712430:AAHrBq9VZ30qOGEdbIS6CCIZi1N8kOPbo5A/getUpdates "HTTP/1.1 200 OK"
2025-04-09 22:09:48,576 - httpx - INFO - HTTP Request: POST https://api.telegram.org/bot7155712430:AAHrBq9VZ30qOGEdbIS6CCIZi1N8kOPbo5A/getUpdates "HTTP/1.1 200 OK"
2025-04-09 22:09:58,875 - httpx - INFO - HTTP Request: POST https://api.telegram.org/bot7155712430:AAHrBq9VZ30qOGEdbIS6CCIZi1N8kOPbo5A/getUpdates "HTTP/1.1 200 OK"
2025-04-09 22:10:09,180 - httpx - INFO - HTTP Request: POST https://api.telegram.org/bot7155712430:AAHrBq9VZ30qOGEdbIS6CCIZi1N8kOPbo5A/getUpdates "HTTP/1.1 200 OK"
2025-04-09 22:10:18,166 - httpx - INFO - HTTP Request: POST https://api.telegram.org/bot7155712430:AAHrBq9VZ30qOGEdbIS6CCIZi1N8kOPbo5A/getUpdates "HTTP/1.1 200 OK"
2025-04-09 22:10:19,067 - httpx - INFO - HTTP Request: POST https://api.telegram.org/bot7155712430:AAHrBq9VZ30qOGEdbIS6CCIZi1N8kOPbo5A/sendMessage "HTTP/1.1 200 OK"
2025-04-09 22:10:28,462 - httpx - INFO - HTTP Request: POST https://api.telegram.org/bot7155712430:AAHrBq9VZ30qOGEdbIS6CCIZi1N8kOPbo5A/getUpdates "HTTP/1.1 200 OK"
2025-04-09 22:10:38,768 - httpx - INFO - HTTP Request: POST https://api.telegram.org/bot7155712430:AAHrBq9VZ30qOGEdbIS6CCIZi1N8kOPbo5A/getUpdates "HTTP/1.1 200 OK"
2025-04-09 22:10:49,107 - httpx - INFO - HTTP Request: POST https://api.telegram.org/bot7155712430:AAHrBq9VZ30qOGEdbIS6CCIZi1N8kOPbo5A/getUpdates "HTTP/1.1 200 OK"
2025-04-09 22:10:59,419 - httpx - INFO - HTTP Request: POST https://api.telegram.org/bot7155712430:AAHrBq9VZ30qOGEdbIS6CCIZi1N8kOPbo5A/getUpdates "HTTP/1.1 200 OK"
2025-04-09 22:11:09,729 - httpx - INFO - HTTP Request: POST https://api.telegram.org/bot7155712430:AAHrBq9VZ30qOGEdbIS6CCIZi1N8kOPbo5A/getUpdates "HTTP/1.1 200 OK"
2025-04-09 22:11:20,046 - httpx - INFO - HTTP Request: POST https://api.telegram.org/bot7155712430:AAHrBq9VZ30qOGEdbIS6CCIZi1N8kOPbo5A/getUpdates "HTTP/1.1 200 OK"
2025-04-09 22:11:30,353 - httpx - INFO - HTTP Request: POST https://api.telegram.org/bot7155712430:AAHrBq9VZ30qOGEdbIS6CCIZi1N8kOPbo5A/getUpdates "HTTP/1.1 200 OK"
2025-04-09 22:11:40,682 - httpx - INFO - HTTP Request: POST https://api.telegram.org/bot7155712430:AAHrBq9VZ30qOGEdbIS6CCIZi1N8kOPbo5A/getUpdates "HTTP/1.1 200 OK"
2025-04-09 22:11:50,991 - httpx - INFO - HTTP Request: POST https://api.telegram.org/bot7155712430:AAHrBq9VZ30qOGEdbIS6CCIZi1N8kOPbo5A/getUpdates "HTTP/1.1 200 OK"
2025-04-09 22:12:01,263 - httpx - INFO - HTTP Request: POST https://api.telegram.org/bot7155712430:AAHrBq9VZ30qOGEdbIS6CCIZi1N8kOPbo5A/getUpdates "HTTP/1.1 200 OK"
2025-04-09 22:12:11,561 - httpx - INFO - HTTP Request: POST https://api.telegram.org/bot7155712430:AAHrBq9VZ30qOGEdbIS6CCIZi1N8kOPbo5A/getUpdates "HTTP/1.1 200 OK"
2025-04-09 22:12:21,847 - httpx - INFO - HTTP Request: POST https://api.telegram.org/bot7155712430:AAHrBq9VZ30qOGEdbIS6CCIZi1N8kOPbo5A/getUpdates "HTTP/1.1 200 OK"
2025-04-09 22:12:32,149 - httpx - INFO - HTTP Request: POST https://api.telegram.org/bot7155712430:AAHrBq9VZ30qOGEdbIS6CCIZi1N8kOPbo5A/getUpdates "HTTP/1.1 200 OK"
2025-04-09 22:12:43,252 - httpx - INFO - HTTP Request: POST https://api.telegram.org/bot7155712430:AAHrBq9VZ30qOGEdbIS6CCIZi1N8kOPbo5A/getUpdates "HTTP/1.1 200 OK"
2025-04-09 22:12:53,557 - httpx - INFO - HTTP Request: POST https://api.telegram.org/bot7155712430:AAHrBq9VZ30qOGEdbIS6CCIZi1N8kOPbo5A/getUpdates "HTTP/1.1 200 OK"
2025-04-09 22:13:03,877 - httpx - INFO - HTTP Request: POST https://api.telegram.org/bot7155712430:AAHrBq9VZ30qOGEdbIS6CCIZi1N8kOPbo5A/getUpdates "HTTP/1.1 200 OK"
2025-04-09 22:13:14,192 - httpx - INFO - HTTP Request: POST https://api.telegram.org/bot7155712430:AAHrBq9VZ30qOGEdbIS6CCIZi1N8kOPbo5A/getUpdates "HTTP/1.1 200 OK"
2025-04-09 22:13:24,491 - httpx - INFO - HTTP Request: POST https://api.telegram.org/bot7155712430:AAHrBq9VZ30qOGEdbIS6CCIZi1N8kOPbo5A/getUpdates "HTTP/1.1 200 OK"
2025-04-09 22:13:34,762 - httpx - INFO - HTTP Request: POST https://api.telegram.org/bot7155712430:AAHrBq9VZ30qOGEdbIS6CCIZi1N8kOPbo5A/getUpdates "HTTP/1.1 200 OK"
2025-04-09 22:13:45,073 - httpx - INFO - HTTP Request: POST https://api.telegram.org/bot7155712430:AAHrBq9VZ30qOGEdbIS6CCIZi1N8kOPbo5A/getUpdates "HTTP/1.1 200 OK"
2025-04-09 22:13:55,367 - httpx - INFO - HTTP Request: POST https://api.telegram.org/bot7155712430:AAHrBq9VZ30qOGEdbIS6CCIZi1N8kOPbo5A/getUpdates "HTTP/1.1 200 OK"
2025-04-09 22:14:05,655 - httpx - INFO - HTTP Request: POST https://api.telegram.org/bot7155712430:AAHrBq9VZ30qOGEdbIS6CCIZi1N8kOPbo5A/getUpdates "HTTP/1.1 200 OK"
2025-04-09 22:14:15,989 - httpx - INFO - HTTP Request: POST https://api.telegram.org/bot7155712430:AAHrBq9VZ30qOGEdbIS6CCIZi1N8kOPbo5A/getUpdates "HTTP/1.1 200 OK"
2025-04-09 22:14:26,277 - httpx - INFO - HTTP Request: POST https://api.telegram.org/bot7155712430:AAHrBq9VZ30qOGEdbIS6CCIZi1N8kOPbo5A/getUpdates "HTTP/1.1 200 OK"
2025-04-09 22:14:36,595 - httpx - INFO - HTTP Request: POST https://api.telegram.org/bot7155712430:AAHrBq9VZ30qOGEdbIS6CCIZi1N8kOPbo5A/getUpdates "HTTP/1.1 200 OK"
2025-04-09 22:14:46,925 - httpx - INFO - HTTP Request: POST https://api.telegram.org/bot7155712430:AAHrBq9VZ30qOGEdbIS6CCIZi1N8kOPbo5A/getUpdates "HTTP/1.1 200 OK"
2025-04-09 22:14:57,226 - httpx - INFO - HTTP Request: POST https://api.telegram.org/bot7155712430:AAHrBq9VZ30qOGEdbIS6CCIZi1N8kOPbo5A/getUpdates "HTTP/1.1 200 OK"
2025-04-09 22:15:07,517 - httpx - INFO - HTTP Request: POST https://api.telegram.org/bot7155712430:AAHrBq9VZ30qOGEdbIS6CCIZi1N8kOPbo5A/getUpdates "HTTP/1.1 200 OK"
2025-04-09 22:15:17,833 - httpx - INFO - HTTP Request: POST https://api.telegram.org/bot7155712430:AAHrBq9VZ30qOGEdbIS6CCIZi1N8kOPbo5A/getUpdates "HTTP/1.1 200 OK"
2025-04-09 22:15:28,148 - httpx - INFO - HTTP Request: POST https://api.telegram.org/bot7155712430:AAHrBq9VZ30qOGEdbIS6CCIZi1N8kOPbo5A/getUpdates "HTTP/1.1 200 OK"
2025-04-09 22:15:38,440 - httpx - INFO - HTTP Request: POST https://api.telegram.org/bot7155712430:AAHrBq9VZ30qOGEdbIS6CCIZi1N8kOPbo5A/getUpdates "HTTP/1.1 200 OK"
2025-04-09 22:15:48,783 - httpx - INFO - HTTP Request: POST https://api.telegram.org/bot7155712430:AAHrBq9VZ30qOGEdbIS6CCIZi1N8kOPbo5A/getUpdates "HTTP/1.1 200 OK"
2025-04-09 22:15:59,073 - httpx - INFO - HTTP Request: POST https://api.telegram.org/bot7155712430:AAHrBq9VZ30qOGEdbIS6CCIZi1N8kOPbo5A/getUpdates "HTTP/1.1 200 OK"
2025-04-09 22:16:09,383 - httpx - INFO - HTTP Request: POST https://api.telegram.org/bot7155712430:AAHrBq9VZ30qOGEdbIS6CCIZi1N8kOPbo5A/getUpdates "HTTP/1.1 200 OK"
2025-04-09 22:16:19,702 - httpx - INFO - HTTP Request: POST https://api.telegram.org/bot7155712430:AAHrBq9VZ30qOGEdbIS6CCIZi1N8kOPbo5A/getUpdates "HTTP/1.1 200 OK"
2025-04-09 22:16:30,009 - httpx - INFO - HTTP Request: POST https://api.telegram.org/bot7155712430:AAHrBq9VZ30qOGEdbIS6CCIZi1N8kOPbo5A/getUpdates "HTTP/1.1 200 OK"
2025-04-09 22:16:40,346 - httpx - INFO - HTTP Request: POST https://api.telegram.org/bot7155712430:AAHrBq9VZ30qOGEdbIS6CCIZi1N8kOPbo5A/getUpdates "HTTP/1.1 200 OK"
2025-04-09 22:16:51,052 - httpx - INFO - HTTP Request: POST https://api.telegram.org/bot7155712430:AAHrBq9VZ30qOGEdbIS6CCIZi1N8kOPbo5A/getUpdates "HTTP/1.1 200 OK"
2025-04-09 22:17:01,385 - httpx - INFO - HTTP Request: POST https://api.telegram.org/bot7155712430:AAHrBq9VZ30qOGEdbIS6CCIZi1N8kOPbo5A/getUpdates "HTTP/1.1 200 OK"
2025-04-09 22:17:11,677 - httpx - INFO - HTTP Request: POST https://api.telegram.org/bot7155712430:AAHrBq9VZ30qOGEdbIS6CCIZi1N8kOPbo5A/getUpdates "HTTP/1.1 200 OK"
2025-04-09 22:17:21,950 - httpx - INFO - HTTP Request: POST https://api.telegram.org/bot7155712430:AAHrBq9VZ30qOGEdbIS6CCIZi1N8kOPbo5A/getUpdates "HTTP/1.1 200 OK"
2025-04-09 22:17:32,262 - httpx - INFO - HTTP Request: POST https://api.telegram.org/bot7155712430:AAHrBq9VZ30qOGEdbIS6CCIZi1N8kOPbo5A/getUpdates "HTTP/1.1 200 OK"
2025-04-09 22:17:42,559 - httpx - INFO - HTTP Request: POST https://api.telegram.org/bot7155712430:AAHrBq9VZ30qOGEdbIS6CCIZi1N8kOPbo5A/getUpdates "HTTP/1.1 200 OK"
2025-04-09 22:17:52,847 - httpx - INFO - HTTP Request: POST https://api.telegram.org/bot7155712430:AAHrBq9VZ30qOGEdbIS6CCIZi1N8kOPbo5A/getUpdates "HTTP/1.1 200 OK"
2025-04-09 22:18:05,260 - httpx - INFO - HTTP Request: POST https://api.telegram.org/bot7155712430:AAHrBq9VZ30qOGEdbIS6CCIZi1N8kOPbo5A/getUpdates "HTTP/1.1 200 OK"
2025-04-09 22:18:15,569 - httpx - INFO - HTTP Request: POST https://api.telegram.org/bot7155712430:AAHrBq9VZ30qOGEdbIS6CCIZi1N8kOPbo5A/getUpdates "HTTP/1.1 200 OK"
2025-04-09 22:18:25,870 - httpx - INFO - HTTP Request: POST https://api.telegram.org/bot7155712430:AAHrBq9VZ30qOGEdbIS6CCIZi1N8kOPbo5A/getUpdates "HTTP/1.1 200 OK"
2025-04-09 22:18:36,167 - httpx - INFO - HTTP Request: POST https://api.telegram.org/bot7155712430:AAHrBq9VZ30qOGEdbIS6CCIZi1N8kOPbo5A/getUpdates "HTTP/1.1 200 OK"
2025-04-09 22:18:46,477 - httpx - INFO - HTTP Request: POST https://api.telegram.org/bot7155712430:AAHrBq9VZ30qOGEdbIS6CCIZi1N8kOPbo5A/getUpdates "HTTP/1.1 200 OK"
2025-04-09 22:18:56,776 - httpx - INFO - HTTP Request: POST https://api.telegram.org/bot7155712430:AAHrBq9VZ30qOGEdbIS6CCIZi1N8kOPbo5A/getUpdates "HTTP/1.1 200 OK"
2025-04-09 22:19:07,080 - httpx - INFO - HTTP Request: POST https://api.telegram.org/bot7155712430:AAHrBq9VZ30qOGEdbIS6CCIZi1N8kOPbo5A/getUpdates "HTTP/1.1 200 OK"
2025-04-09 22:19:17,396 - httpx - INFO - HTTP Request: POST https://api.telegram.org/bot7155712430:AAHrBq9VZ30qOGEdbIS6CCIZi1N8kOPbo5A/getUpdates "HTTP/1.1 200 OK"
2025-04-09 22:19:27,714 - httpx - INFO - HTTP Request: POST https://api.telegram.org/bot7155712430:AAHrBq9VZ30qOGEdbIS6CCIZi1N8kOPbo5A/getUpdates "HTTP/1.1 200 OK"
2025-04-09 22:19:38,015 - httpx - INFO - HTTP Request: POST https://api.telegram.org/bot7155712430:AAHrBq9VZ30qOGEdbIS6CCIZi1N8kOPbo5A/getUpdates "HTTP/1.1 200 OK"
2025-04-09 22:19:48,318 - httpx - INFO - HTTP Request: POST https://api.telegram.org/bot7155712430:AAHrBq9VZ30qOGEdbIS6CCIZi1N8kOPbo5A/getUpdates "HTTP/1.1 200 OK"
2025-04-09 22:19:58,641 - httpx - INFO - HTTP Request: POST https://api.telegram.org/bot7155712430:AAHrBq9VZ30qOGEdbIS6CCIZi1N8kOPbo5A/getUpdates "HTTP/1.1 200 OK"
2025-04-09 22:20:09,893 - httpx - INFO - HTTP Request: POST https://api.telegram.org/bot7155712430:AAHrBq9VZ30qOGEdbIS6CCIZi1N8kOPbo5A/getUpdates "HTTP/1.1 200 OK"
2025-04-09 22:20:20,202 - httpx - INFO - HTTP Request: POST https://api.telegram.org/bot7155712430:AAHrBq9VZ30qOGEdbIS6CCIZi1N8kOPbo5A/getUpdates "HTTP/1.1 200 OK"
2025-04-09 22:20:30,522 - httpx - INFO - HTTP Request: POST https://api.telegram.org/bot7155712430:AAHrBq9VZ30qOGEdbIS6CCIZi1N8kOPbo5A/getUpdates "HTTP/1.1 200 OK"
2025-04-09 22:20:40,813 - httpx - INFO - HTTP Request: POST https://api.telegram.org/bot7155712430:AAHrBq9VZ30qOGEdbIS6CCIZi1N8kOPbo5A/getUpdates "HTTP/1.1 200 OK"
2025-04-09 22:20:51,139 - httpx - INFO - HTTP Request: POST https://api.telegram.org/bot7155712430:AAHrBq9VZ30qOGEdbIS6CCIZi1N8kOPbo5A/getUpdates "HTTP/1.1 200 OK"
2025-04-09 22:21:01,451 - httpx - INFO - HTTP Request: POST https://api.telegram.org/bot7155712430:AAHrBq9VZ30qOGEdbIS6CCIZi1N8kOPbo5A/getUpdates "HTTP/1.1 200 OK"
2025-04-09 22:21:11,774 - httpx - INFO - HTTP Request: POST https://api.telegram.org/bot7155712430:AAHrBq9VZ30qOGEdbIS6CCIZi1N8kOPbo5A/getUpdates "HTTP/1.1 200 OK"
2025-04-09 22:21:22,107 - httpx - INFO - HTTP Request: POST https://api.telegram.org/bot7155712430:AAHrBq9VZ30qOGEdbIS6CCIZi1N8kOPbo5A/getUpdates "HTTP/1.1 200 OK"
2025-04-09 22:21:32,396 - httpx - INFO - HTTP Request: POST https://api.telegram.org/bot7155712430:AAHrBq9VZ30qOGEdbIS6CCIZi1N8kOPbo5A/getUpdates "HTTP/1.1 200 OK"
2025-04-09 22:21:42,706 - httpx - INFO - HTTP Request: POST https://api.telegram.org/bot7155712430:AAHrBq9VZ30qOGEdbIS6CCIZi1N8kOPbo5A/getUpdates "HTTP/1.1 200 OK"
2025-04-09 22:21:53,016 - httpx - INFO - HTTP Request: POST https://api.telegram.org/bot7155712430:AAHrBq9VZ30qOGEdbIS6CCIZi1N8kOPbo5A/getUpdates "HTTP/1.1 200 OK"
2025-04-09 22:22:03,289 - httpx - INFO - HTTP Request: POST https://api.telegram.org/bot7155712430:AAHrBq9VZ30qOGEdbIS6CCIZi1N8kOPbo5A/getUpdates "HTTP/1.1 200 OK"
2025-04-09 22:22:13,610 - httpx - INFO - HTTP Request: POST https://api.telegram.org/bot7155712430:AAHrBq9VZ30qOGEdbIS6CCIZi1N8kOPbo5A/getUpdates "HTTP/1.1 200 OK"
2025-04-09 22:22:23,935 - httpx - INFO - HTTP Request: POST https://api.telegram.org/bot7155712430:AAHrBq9VZ30qOGEdbIS6CCIZi1N8kOPbo5A/getUpdates "HTTP/1.1 200 OK"
2025-04-09 22:22:34,244 - httpx - INFO - HTTP Request: POST https://api.telegram.org/bot7155712430:AAHrBq9VZ30qOGEdbIS6CCIZi1N8kOPbo5A/getUpdates "HTTP/1.1 200 OK"
2025-04-09 22:22:44,528 - httpx - INFO - HTTP Request: POST https://api.telegram.org/bot7155712430:AAHrBq9VZ30qOGEdbIS6CCIZi1N8kOPbo5A/getUpdates "HTTP/1.1 200 OK"
2025-04-09 22:22:54,841 - httpx - INFO - HTTP Request: POST https://api.telegram.org/bot7155712430:AAHrBq9VZ30qOGEdbIS6CCIZi1N8kOPbo5A/getUpdates "HTTP/1.1 200 OK"
2025-04-09 22:23:05,134 - httpx - INFO - HTTP Request: POST https://api.telegram.org/bot7155712430:AAHrBq9VZ30qOGEdbIS6CCIZi1N8kOPbo5A/getUpdates "HTTP/1.1 200 OK"
2025-04-09 22:23:15,445 - httpx - INFO - HTTP Request: POST https://api.telegram.org/bot7155712430:AAHrBq9VZ30qOGEdbIS6CCIZi1N8kOPbo5A/getUpdates "HTTP/1.1 200 OK"
2025-04-09 22:23:25,748 - httpx - INFO - HTTP Request: POST https://api.telegram.org/bot7155712430:AAHrBq9VZ30qOGEdbIS6CCIZi1N8kOPbo5A/getUpdates "HTTP/1.1 200 OK"
2025-04-09 22:23:36,037 - httpx - INFO - HTTP Request: POST https://api.telegram.org/bot7155712430:AAHrBq9VZ30qOGEdbIS6CCIZi1N8kOPbo5A/getUpdates "HTTP/1.1 200 OK"
2025-04-09 22:23:46,343 - httpx - INFO - HTTP Request: POST https://api.telegram.org/bot7155712430:AAHrBq9VZ30qOGEdbIS6CCIZi1N8kOPbo5A/getUpdates "HTTP/1.1 200 OK"
2025-04-09 22:23:56,651 - httpx - INFO - HTTP Request: POST https://api.telegram.org/bot7155712430:AAHrBq9VZ30qOGEdbIS6CCIZi1N8kOPbo5A/getUpdates "HTTP/1.1 200 OK"
2025-04-09 22:24:00,829 - httpx - INFO - HTTP Request: POST https://api.telegram.org/bot7155712430:AAHrBq9VZ30qOGEdbIS6CCIZi1N8kOPbo5A/getUpdates "HTTP/1.1 200 OK"
2025-04-09 22:24:00,830 - telegram.ext.Application - INFO - Application is stopping. This might take a moment.
2025-04-09 22:24:00,830 - telegram.ext.Application - INFO - Application.stop() complete
2025-04-09 22:24:00,831 - __main__ - INFO - Bot started
2025-04-10 08:00:11,545 - __main__ - ERROR - No TELEGRAM_BOT_TOKEN provided in environment
2025-04-10 08:04:16,306 - httpx - INFO - HTTP Request: POST https://api.telegram.org/bot7155712430:AAHrBq9VZ30qOGEdbIS6CCIZi1N8kOPbo5A/getMe "HTTP/1.1 200 OK"
2025-04-10 08:04:16,594 - httpx - INFO - HTTP Request: POST https://api.telegram.org/bot7155712430:AAHrBq9VZ30qOGEdbIS6CCIZi1N8kOPbo5A/deleteWebhook "HTTP/1.1 200 OK"
2025-04-10 08:04:16,595 - telegram.ext.Application - INFO - Application started
2025-04-10 08:04:27,500 - httpx - INFO - HTTP Request: POST https://api.telegram.org/bot7155712430:AAHrBq9VZ30qOGEdbIS6CCIZi1N8kOPbo5A/getUpdates "HTTP/1.1 200 OK"
2025-04-10 08:04:35,688 - httpx - INFO - HTTP Request: POST https://api.telegram.org/bot7155712430:AAHrBq9VZ30qOGEdbIS6CCIZi1N8kOPbo5A/getUpdates "HTTP/1.1 200 OK"
2025-04-10 08:04:36,632 - httpx - INFO - HTTP Request: POST https://api.telegram.org/bot7155712430:AAHrBq9VZ30qOGEdbIS6CCIZi1N8kOPbo5A/sendMessage "HTTP/1.1 200 OK"
2025-04-10 08:04:38,471 - __main__ - INFO - Requested https://www.getdailyart.com/en/23843/mikalojus-konstantinas-iurlionis/sonata-no-6-sonata-of-the-stars-allegro, redirected to https://www.getdailyart.com/en/23843/mikalojus-konstantinas-iurlionis/sonata-no-6-sonata-of-the-stars-allegro, status: 200
2025-04-10 08:04:44,160 - httpx - INFO - HTTP Request: POST https://api.telegram.org/bot7155712430:AAHrBq9VZ30qOGEdbIS6CCIZi1N8kOPbo5A/sendPhoto "HTTP/1.1 200 OK"
2025-04-10 08:04:44,466 - httpx - INFO - HTTP Request: POST https://api.telegram.org/bot7155712430:AAHrBq9VZ30qOGEdbIS6CCIZi1N8kOPbo5A/sendMessage "HTTP/1.1 200 OK"
2025-04-10 08:04:45,998 - httpx - INFO - HTTP Request: POST https://api.telegram.org/bot7155712430:AAHrBq9VZ30qOGEdbIS6CCIZi1N8kOPbo5A/getUpdates "HTTP/1.1 200 OK"
2025-04-10 08:04:56,292 - httpx - INFO - HTTP Request: POST https://api.telegram.org/bot7155712430:AAHrBq9VZ30qOGEdbIS6CCIZi1N8kOPbo5A/getUpdates "HTTP/1.1 200 OK"
2025-04-10 08:05:06,606 - httpx - INFO - HTTP Request: POST https://api.telegram.org/bot7155712430:AAHrBq9VZ30qOGEdbIS6CCIZi1N8kOPbo5A/getUpdates "HTTP/1.1 200 OK"
2025-04-10 08:05:16,930 - httpx - INFO - HTTP Request: POST https://api.telegram.org/bot7155712430:AAHrBq9VZ30qOGEdbIS6CCIZi1N8kOPbo5A/getUpdates "HTTP/1.1 200 OK"
2025-04-10 08:05:27,232 - httpx - INFO - HTTP Request: POST https://api.telegram.org/bot7155712430:AAHrBq9VZ30qOGEdbIS6CCIZi1N8kOPbo5A/getUpdates "HTTP/1.1 200 OK"
2025-04-10 08:05:37,528 - httpx - INFO - HTTP Request: POST https://api.telegram.org/bot7155712430:AAHrBq9VZ30qOGEdbIS6CCIZi1N8kOPbo5A/getUpdates "HTTP/1.1 200 OK"
2025-04-10 08:05:47,822 - httpx - INFO - HTTP Request: POST https://api.telegram.org/bot7155712430:AAHrBq9VZ30qOGEdbIS6CCIZi1N8kOPbo5A/getUpdates "HTTP/1.1 200 OK"
2025-04-10 08:05:58,119 - httpx - INFO - HTTP Request: POST https://api.telegram.org/bot7155712430:AAHrBq9VZ30qOGEdbIS6CCIZi1N8kOPbo5A/getUpdates "HTTP/1.1 200 OK"
2025-04-10 08:06:08,429 - httpx - INFO - HTTP Request: POST https://api.telegram.org/bot7155712430:AAHrBq9VZ30qOGEdbIS6CCIZi1N8kOPbo5A/getUpdates "HTTP/1.1 200 OK"
2025-04-10 08:06:18,733 - httpx - INFO - HTTP Request: POST https://api.telegram.org/bot7155712430:AAHrBq9VZ30qOGEdbIS6CCIZi1N8kOPbo5A/getUpdates "HTTP/1.1 200 OK"
2025-04-10 08:06:29,031 - httpx - INFO - HTTP Request: POST https://api.telegram.org/bot7155712430:AAHrBq9VZ30qOGEdbIS6CCIZi1N8kOPbo5A/getUpdates "HTTP/1.1 200 OK"
2025-04-10 08:06:39,327 - httpx - INFO - HTTP Request: POST https://api.telegram.org/bot7155712430:AAHrBq9VZ30qOGEdbIS6CCIZi1N8kOPbo5A/getUpdates "HTTP/1.1 200 OK"
2025-04-10 08:06:49,642 - httpx - INFO - HTTP Request: POST https://api.telegram.org/bot7155712430:AAHrBq9VZ30qOGEdbIS6CCIZi1N8kOPbo5A/getUpdates "HTTP/1.1 200 OK"
2025-04-10 08:06:59,957 - httpx - INFO - HTTP Request: POST https://api.telegram.org/bot7155712430:AAHrBq9VZ30qOGEdbIS6CCIZi1N8kOPbo5A/getUpdates "HTTP/1.1 200 OK"
2025-04-10 08:07:10,267 - httpx - INFO - HTTP Request: POST https://api.telegram.org/bot7155712430:AAHrBq9VZ30qOGEdbIS6CCIZi1N8kOPbo5A/getUpdates "HTTP/1.1 200 OK"
2025-04-10 08:07:20,563 - httpx - INFO - HTTP Request: POST https://api.telegram.org/bot7155712430:AAHrBq9VZ30qOGEdbIS6CCIZi1N8kOPbo5A/getUpdates "HTTP/1.1 200 OK"
2025-04-10 08:07:30,885 - httpx - INFO - HTTP Request: POST https://api.telegram.org/bot7155712430:AAHrBq9VZ30qOGEdbIS6CCIZi1N8kOPbo5A/getUpdates "HTTP/1.1 200 OK"
2025-04-10 08:07:41,204 - httpx - INFO - HTTP Request: POST https://api.telegram.org/bot7155712430:AAHrBq9VZ30qOGEdbIS6CCIZi1N8kOPbo5A/getUpdates "HTTP/1.1 200 OK"
2025-04-10 08:07:51,534 - httpx - INFO - HTTP Request: POST https://api.telegram.org/bot7155712430:AAHrBq9VZ30qOGEdbIS6CCIZi1N8kOPbo5A/getUpdates "HTTP/1.1 200 OK"
2025-04-10 08:08:01,848 - httpx - INFO - HTTP Request: POST https://api.telegram.org/bot7155712430:AAHrBq9VZ30qOGEdbIS6CCIZi1N8kOPbo5A/getUpdates "HTTP/1.1 200 OK"
2025-04-10 08:08:12,142 - httpx - INFO - HTTP Request: POST https://api.telegram.org/bot7155712430:AAHrBq9VZ30qOGEdbIS6CCIZi1N8kOPbo5A/getUpdates "HTTP/1.1 200 OK"
2025-04-10 08:08:22,437 - httpx - INFO - HTTP Request: POST https://api.telegram.org/bot7155712430:AAHrBq9VZ30qOGEdbIS6CCIZi1N8kOPbo5A/getUpdates "HTTP/1.1 200 OK"
2025-04-10 08:08:32,743 - httpx - INFO - HTTP Request: POST https://api.telegram.org/bot7155712430:AAHrBq9VZ30qOGEdbIS6CCIZi1N8kOPbo5A/getUpdates "HTTP/1.1 200 OK"
2025-04-10 08:08:43,031 - httpx - INFO - HTTP Request: POST https://api.telegram.org/bot7155712430:AAHrBq9VZ30qOGEdbIS6CCIZi1N8kOPbo5A/getUpdates "HTTP/1.1 200 OK"
2025-04-10 08:08:53,343 - httpx - INFO - HTTP Request: POST https://api.telegram.org/bot7155712430:AAHrBq9VZ30qOGEdbIS6CCIZi1N8kOPbo5A/getUpdates "HTTP/1.1 200 OK"
2025-04-10 08:09:04,314 - httpx - INFO - HTTP Request: POST https://api.telegram.org/bot7155712430:AAHrBq9VZ30qOGEdbIS6CCIZi1N8kOPbo5A/getUpdates "HTTP/1.1 200 OK"
2025-04-10 08:09:14,870 - httpx - INFO - HTTP Request: POST https://api.telegram.org/bot7155712430:AAHrBq9VZ30qOGEdbIS6CCIZi1N8kOPbo5A/getUpdates "HTTP/1.1 200 OK"
2025-04-10 08:09:25,198 - httpx - INFO - HTTP Request: POST https://api.telegram.org/bot7155712430:AAHrBq9VZ30qOGEdbIS6CCIZi1N8kOPbo5A/getUpdates "HTTP/1.1 200 OK"
2025-04-10 08:09:35,496 - httpx - INFO - HTTP Request: POST https://api.telegram.org/bot7155712430:AAHrBq9VZ30qOGEdbIS6CCIZi1N8kOPbo5A/getUpdates "HTTP/1.1 200 OK"
2025-04-10 08:09:45,792 - httpx - INFO - HTTP Request: POST https://api.telegram.org/bot7155712430:AAHrBq9VZ30qOGEdbIS6CCIZi1N8kOPbo5A/getUpdates "HTTP/1.1 200 OK"
2025-04-10 08:09:56,102 - httpx - INFO - HTTP Request: POST https://api.telegram.org/bot7155712430:AAHrBq9VZ30qOGEdbIS6CCIZi1N8kOPbo5A/getUpdates "HTTP/1.1 200 OK"
2025-04-10 08:10:06,399 - httpx - INFO - HTTP Request: POST https://api.telegram.org/bot7155712430:AAHrBq9VZ30qOGEdbIS6CCIZi1N8kOPbo5A/getUpdates "HTTP/1.1 200 OK"
2025-04-10 08:10:16,689 - httpx - INFO - HTTP Request: POST https://api.telegram.org/bot7155712430:AAHrBq9VZ30qOGEdbIS6CCIZi1N8kOPbo5A/getUpdates "HTTP/1.1 200 OK"
2025-04-10 08:10:26,988 - httpx - INFO - HTTP Request: POST https://api.telegram.org/bot7155712430:AAHrBq9VZ30qOGEdbIS6CCIZi1N8kOPbo5A/getUpdates "HTTP/1.1 200 OK"
2025-04-10 08:10:37,287 - httpx - INFO - HTTP Request: POST https://api.telegram.org/bot7155712430:AAHrBq9VZ30qOGEdbIS6CCIZi1N8kOPbo5A/getUpdates "HTTP/1.1 200 OK"
2025-04-10 08:10:47,587 - httpx - INFO - HTTP Request: POST https://api.telegram.org/bot7155712430:AAHrBq9VZ30qOGEdbIS6CCIZi1N8kOPbo5A/getUpdates "HTTP/1.1 200 OK"
2025-04-10 08:10:57,907 - httpx - INFO - HTTP Request: POST https://api.telegram.org/bot7155712430:AAHrBq9VZ30qOGEdbIS6CCIZi1N8kOPbo5A/getUpdates "HTTP/1.1 200 OK"
2025-04-10 08:11:08,232 - httpx - INFO - HTTP Request: POST https://api.telegram.org/bot7155712430:AAHrBq9VZ30qOGEdbIS6CCIZi1N8kOPbo5A/getUpdates "HTTP/1.1 200 OK"
2025-04-10 08:11:18,529 - httpx - INFO - HTTP Request: POST https://api.telegram.org/bot7155712430:AAHrBq9VZ30qOGEdbIS6CCIZi1N8kOPbo5A/getUpdates "HTTP/1.1 200 OK"
2025-04-10 08:11:28,821 - httpx - INFO - HTTP Request: POST https://api.telegram.org/bot7155712430:AAHrBq9VZ30qOGEdbIS6CCIZi1N8kOPbo5A/getUpdates "HTTP/1.1 200 OK"
2025-04-10 08:11:39,144 - httpx - INFO - HTTP Request: POST https://api.telegram.org/bot7155712430:AAHrBq9VZ30qOGEdbIS6CCIZi1N8kOPbo5A/getUpdates "HTTP/1.1 200 OK"
2025-04-10 08:11:49,441 - httpx - INFO - HTTP Request: POST https://api.telegram.org/bot7155712430:AAHrBq9VZ30qOGEdbIS6CCIZi1N8kOPbo5A/getUpdates "HTTP/1.1 200 OK"
2025-04-10 08:11:59,719 - httpx - INFO - HTTP Request: POST https://api.telegram.org/bot7155712430:AAHrBq9VZ30qOGEdbIS6CCIZi1N8kOPbo5A/getUpdates "HTTP/1.1 200 OK"
2025-04-10 08:12:10,010 - httpx - INFO - HTTP Request: POST https://api.telegram.org/bot7155712430:AAHrBq9VZ30qOGEdbIS6CCIZi1N8kOPbo5A/getUpdates "HTTP/1.1 200 OK"
2025-04-10 08:12:20,303 - httpx - INFO - HTTP Request: POST https://api.telegram.org/bot7155712430:AAHrBq9VZ30qOGEdbIS6CCIZi1N8kOPbo5A/getUpdates "HTTP/1.1 200 OK"
2025-04-10 08:12:30,601 - httpx - INFO - HTTP Request: POST https://api.telegram.org/bot7155712430:AAHrBq9VZ30qOGEdbIS6CCIZi1N8kOPbo5A/getUpdates "HTTP/1.1 200 OK"
2025-04-10 08:12:40,898 - httpx - INFO - HTTP Request: POST https://api.telegram.org/bot7155712430:AAHrBq9VZ30qOGEdbIS6CCIZi1N8kOPbo5A/getUpdates "HTTP/1.1 200 OK"
2025-04-10 08:12:51,220 - httpx - INFO - HTTP Request: POST https://api.telegram.org/bot7155712430:AAHrBq9VZ30qOGEdbIS6CCIZi1N8kOPbo5A/getUpdates "HTTP/1.1 200 OK"
2025-04-10 08:13:01,542 - httpx - INFO - HTTP Request: POST https://api.telegram.org/bot7155712430:AAHrBq9VZ30qOGEdbIS6CCIZi1N8kOPbo5A/getUpdates "HTTP/1.1 200 OK"
2025-04-10 08:13:11,838 - httpx - INFO - HTTP Request: POST https://api.telegram.org/bot7155712430:AAHrBq9VZ30qOGEdbIS6CCIZi1N8kOPbo5A/getUpdates "HTTP/1.1 200 OK"
2025-04-10 08:13:22,154 - httpx - INFO - HTTP Request: POST https://api.telegram.org/bot7155712430:AAHrBq9VZ30qOGEdbIS6CCIZi1N8kOPbo5A/getUpdates "HTTP/1.1 200 OK"
2025-04-10 08:13:32,462 - httpx - INFO - HTTP Request: POST https://api.telegram.org/bot7155712430:AAHrBq9VZ30qOGEdbIS6CCIZi1N8kOPbo5A/getUpdates "HTTP/1.1 200 OK"
2025-04-10 08:13:42,763 - httpx - INFO - HTTP Request: POST https://api.telegram.org/bot7155712430:AAHrBq9VZ30qOGEdbIS6CCIZi1N8kOPbo5A/getUpdates "HTTP/1.1 200 OK"
2025-04-10 08:13:53,082 - httpx - INFO - HTTP Request: POST https://api.telegram.org/bot7155712430:AAHrBq9VZ30qOGEdbIS6CCIZi1N8kOPbo5A/getUpdates "HTTP/1.1 200 OK"
2025-04-10 08:14:03,363 - httpx - INFO - HTTP Request: POST https://api.telegram.org/bot7155712430:AAHrBq9VZ30qOGEdbIS6CCIZi1N8kOPbo5A/getUpdates "HTTP/1.1 200 OK"
2025-04-10 08:14:13,663 - httpx - INFO - HTTP Request: POST https://api.telegram.org/bot7155712430:AAHrBq9VZ30qOGEdbIS6CCIZi1N8kOPbo5A/getUpdates "HTTP/1.1 200 OK"
2025-04-10 08:14:23,960 - httpx - INFO - HTTP Request: POST https://api.telegram.org/bot7155712430:AAHrBq9VZ30qOGEdbIS6CCIZi1N8kOPbo5A/getUpdates "HTTP/1.1 200 OK"
2025-04-10 08:14:34,253 - httpx - INFO - HTTP Request: POST https://api.telegram.org/bot7155712430:AAHrBq9VZ30qOGEdbIS6CCIZi1N8kOPbo5A/getUpdates "HTTP/1.1 200 OK"
2025-04-10 08:14:44,565 - httpx - INFO - HTTP Request: POST https://api.telegram.org/bot7155712430:AAHrBq9VZ30qOGEdbIS6CCIZi1N8kOPbo5A/getUpdates "HTTP/1.1 200 OK"
2025-04-10 08:14:54,861 - httpx - INFO - HTTP Request: POST https://api.telegram.org/bot7155712430:AAHrBq9VZ30qOGEdbIS6CCIZi1N8kOPbo5A/getUpdates "HTTP/1.1 200 OK"
2025-04-10 08:15:05,150 - httpx - INFO - HTTP Request: POST https://api.telegram.org/bot7155712430:AAHrBq9VZ30qOGEdbIS6CCIZi1N8kOPbo5A/getUpdates "HTTP/1.1 200 OK"
2025-04-10 08:15:15,461 - httpx - INFO - HTTP Request: POST https://api.telegram.org/bot7155712430:AAHrBq9VZ30qOGEdbIS6CCIZi1N8kOPbo5A/getUpdates "HTTP/1.1 200 OK"
2025-04-10 08:15:25,758 - httpx - INFO - HTTP Request: POST https://api.telegram.org/bot7155712430:AAHrBq9VZ30qOGEdbIS6CCIZi1N8kOPbo5A/getUpdates "HTTP/1.1 200 OK"
2025-04-10 08:15:36,057 - httpx - INFO - HTTP Request: POST https://api.telegram.org/bot7155712430:AAHrBq9VZ30qOGEdbIS6CCIZi1N8kOPbo5A/getUpdates "HTTP/1.1 200 OK"
2025-04-10 08:15:46,357 - httpx - INFO - HTTP Request: POST https://api.telegram.org/bot7155712430:AAHrBq9VZ30qOGEdbIS6CCIZi1N8kOPbo5A/getUpdates "HTTP/1.1 200 OK"
2025-04-10 08:15:56,646 - httpx - INFO - HTTP Request: POST https://api.telegram.org/bot7155712430:AAHrBq9VZ30qOGEdbIS6CCIZi1N8kOPbo5A/getUpdates "HTTP/1.1 200 OK"
2025-04-10 08:16:06,932 - httpx - INFO - HTTP Request: POST https://api.telegram.org/bot7155712430:AAHrBq9VZ30qOGEdbIS6CCIZi1N8kOPbo5A/getUpdates "HTTP/1.1 200 OK"
2025-04-10 08:16:17,233 - httpx - INFO - HTTP Request: POST https://api.telegram.org/bot7155712430:AAHrBq9VZ30qOGEdbIS6CCIZi1N8kOPbo5A/getUpdates "HTTP/1.1 200 OK"
2025-04-10 08:16:27,534 - httpx - INFO - HTTP Request: POST https://api.telegram.org/bot7155712430:AAHrBq9VZ30qOGEdbIS6CCIZi1N8kOPbo5A/getUpdates "HTTP/1.1 200 OK"
2025-04-10 08:16:37,815 - httpx - INFO - HTTP Request: POST https://api.telegram.org/bot7155712430:AAHrBq9VZ30qOGEdbIS6CCIZi1N8kOPbo5A/getUpdates "HTTP/1.1 200 OK"
2025-04-10 08:16:48,100 - httpx - INFO - HTTP Request: POST https://api.telegram.org/bot7155712430:AAHrBq9VZ30qOGEdbIS6CCIZi1N8kOPbo5A/getUpdates "HTTP/1.1 200 OK"
2025-04-10 08:16:58,524 - httpx - INFO - HTTP Request: POST https://api.telegram.org/bot7155712430:AAHrBq9VZ30qOGEdbIS6CCIZi1N8kOPbo5A/getUpdates "HTTP/1.1 200 OK"
2025-04-10 08:17:08,834 - httpx - INFO - HTTP Request: POST https://api.telegram.org/bot7155712430:AAHrBq9VZ30qOGEdbIS6CCIZi1N8kOPbo5A/getUpdates "HTTP/1.1 200 OK"
2025-04-10 08:17:19,131 - httpx - INFO - HTTP Request: POST https://api.telegram.org/bot7155712430:AAHrBq9VZ30qOGEdbIS6CCIZi1N8kOPbo5A/getUpdates "HTTP/1.1 200 OK"
2025-04-10 08:17:29,428 - httpx - INFO - HTTP Request: POST https://api.telegram.org/bot7155712430:AAHrBq9VZ30qOGEdbIS6CCIZi1N8kOPbo5A/getUpdates "HTTP/1.1 200 OK"
2025-04-10 08:17:39,729 - httpx - INFO - HTTP Request: POST https://api.telegram.org/bot7155712430:AAHrBq9VZ30qOGEdbIS6CCIZi1N8kOPbo5A/getUpdates "HTTP/1.1 200 OK"
2025-04-10 08:17:50,044 - httpx - INFO - HTTP Request: POST https://api.telegram.org/bot7155712430:AAHrBq9VZ30qOGEdbIS6CCIZi1N8kOPbo5A/getUpdates "HTTP/1.1 200 OK"
2025-04-10 08:18:00,336 - httpx - INFO - HTTP Request: POST https://api.telegram.org/bot7155712430:AAHrBq9VZ30qOGEdbIS6CCIZi1N8kOPbo5A/getUpdates "HTTP/1.1 200 OK"
2025-04-10 08:18:10,644 - httpx - INFO - HTTP Request: POST https://api.telegram.org/bot7155712430:AAHrBq9VZ30qOGEdbIS6CCIZi1N8kOPbo5A/getUpdates "HTTP/1.1 200 OK"
2025-04-10 08:18:20,941 - httpx - INFO - HTTP Request: POST https://api.telegram.org/bot7155712430:AAHrBq9VZ30qOGEdbIS6CCIZi1N8kOPbo5A/getUpdates "HTTP/1.1 200 OK"
2025-04-10 08:18:31,222 - httpx - INFO - HTTP Request: POST https://api.telegram.org/bot7155712430:AAHrBq9VZ30qOGEdbIS6CCIZi1N8kOPbo5A/getUpdates "HTTP/1.1 200 OK"
2025-04-10 08:18:41,557 - httpx - INFO - HTTP Request: POST https://api.telegram.org/bot7155712430:AAHrBq9VZ30qOGEdbIS6CCIZi1N8kOPbo5A/getUpdates "HTTP/1.1 200 OK"
2025-04-10 08:18:51,857 - httpx - INFO - HTTP Request: POST https://api.telegram.org/bot7155712430:AAHrBq9VZ30qOGEdbIS6CCIZi1N8kOPbo5A/getUpdates "HTTP/1.1 200 OK"
2025-04-10 08:19:02,155 - httpx - INFO - HTTP Request: POST https://api.telegram.org/bot7155712430:AAHrBq9VZ30qOGEdbIS6CCIZi1N8kOPbo5A/getUpdates "HTTP/1.1 200 OK"
2025-04-10 08:19:12,449 - httpx - INFO - HTTP Request: POST https://api.telegram.org/bot7155712430:AAHrBq9VZ30qOGEdbIS6CCIZi1N8kOPbo5A/getUpdates "HTTP/1.1 200 OK"
2025-04-10 08:19:22,762 - httpx - INFO - HTTP Request: POST https://api.telegram.org/bot7155712430:AAHrBq9VZ30qOGEdbIS6CCIZi1N8kOPbo5A/getUpdates "HTTP/1.1 200 OK"
2025-04-10 08:19:33,072 - httpx - INFO - HTTP Request: POST https://api.telegram.org/bot7155712430:AAHrBq9VZ30qOGEdbIS6CCIZi1N8kOPbo5A/getUpdates "HTTP/1.1 200 OK"
2025-04-10 08:19:43,371 - httpx - INFO - HTTP Request: POST https://api.telegram.org/bot7155712430:AAHrBq9VZ30qOGEdbIS6CCIZi1N8kOPbo5A/getUpdates "HTTP/1.1 200 OK"
2025-04-10 08:19:53,673 - httpx - INFO - HTTP Request: POST https://api.telegram.org/bot7155712430:AAHrBq9VZ30qOGEdbIS6CCIZi1N8kOPbo5A/getUpdates "HTTP/1.1 200 OK"
2025-04-10 08:20:04,835 - httpx - INFO - HTTP Request: POST https://api.telegram.org/bot7155712430:AAHrBq9VZ30qOGEdbIS6CCIZi1N8kOPbo5A/getUpdates "HTTP/1.1 200 OK"
2025-04-10 08:20:15,307 - httpx - INFO - HTTP Request: POST https://api.telegram.org/bot7155712430:AAHrBq9VZ30qOGEdbIS6CCIZi1N8kOPbo5A/getUpdates "HTTP/1.1 200 OK"
2025-04-10 08:20:25,624 - httpx - INFO - HTTP Request: POST https://api.telegram.org/bot7155712430:AAHrBq9VZ30qOGEdbIS6CCIZi1N8kOPbo5A/getUpdates "HTTP/1.1 200 OK"
2025-04-10 08:20:35,911 - httpx - INFO - HTTP Request: POST https://api.telegram.org/bot7155712430:AAHrBq9VZ30qOGEdbIS6CCIZi1N8kOPbo5A/getUpdates "HTTP/1.1 200 OK"
2025-04-10 08:20:46,219 - httpx - INFO - HTTP Request: POST https://api.telegram.org/bot7155712430:AAHrBq9VZ30qOGEdbIS6CCIZi1N8kOPbo5A/getUpdates "HTTP/1.1 200 OK"
2025-04-10 08:20:56,554 - httpx - INFO - HTTP Request: POST https://api.telegram.org/bot7155712430:AAHrBq9VZ30qOGEdbIS6CCIZi1N8kOPbo5A/getUpdates "HTTP/1.1 200 OK"
2025-04-10 08:21:06,865 - httpx - INFO - HTTP Request: POST https://api.telegram.org/bot7155712430:AAHrBq9VZ30qOGEdbIS6CCIZi1N8kOPbo5A/getUpdates "HTTP/1.1 200 OK"
2025-04-10 08:21:17,256 - httpx - INFO - HTTP Request: POST https://api.telegram.org/bot7155712430:AAHrBq9VZ30qOGEdbIS6CCIZi1N8kOPbo5A/getUpdates "HTTP/1.1 200 OK"
2025-04-10 08:21:27,558 - httpx - INFO - HTTP Request: POST https://api.telegram.org/bot7155712430:AAHrBq9VZ30qOGEdbIS6CCIZi1N8kOPbo5A/getUpdates "HTTP/1.1 200 OK"
2025-04-10 08:21:38,717 - httpx - INFO - HTTP Request: POST https://api.telegram.org/bot7155712430:AAHrBq9VZ30qOGEdbIS6CCIZi1N8kOPbo5A/getUpdates "HTTP/1.1 200 OK"
2025-04-10 08:21:49,012 - httpx - INFO - HTTP Request: POST https://api.telegram.org/bot7155712430:AAHrBq9VZ30qOGEdbIS6CCIZi1N8kOPbo5A/getUpdates "HTTP/1.1 200 OK"
2025-04-10 08:21:59,302 - httpx - INFO - HTTP Request: POST https://api.telegram.org/bot7155712430:AAHrBq9VZ30qOGEdbIS6CCIZi1N8kOPbo5A/getUpdates "HTTP/1.1 200 OK"
2025-04-10 08:22:09,603 - httpx - INFO - HTTP Request: POST https://api.telegram.org/bot7155712430:AAHrBq9VZ30qOGEdbIS6CCIZi1N8kOPbo5A/getUpdates "HTTP/1.1 200 OK"
2025-04-10 08:22:19,918 - httpx - INFO - HTTP Request: POST https://api.telegram.org/bot7155712430:AAHrBq9VZ30qOGEdbIS6CCIZi1N8kOPbo5A/getUpdates "HTTP/1.1 200 OK"
2025-04-10 08:22:30,223 - httpx - INFO - HTTP Request: POST https://api.telegram.org/bot7155712430:AAHrBq9VZ30qOGEdbIS6CCIZi1N8kOPbo5A/getUpdates "HTTP/1.1 200 OK"
2025-04-10 08:22:40,541 - httpx - INFO - HTTP Request: POST https://api.telegram.org/bot7155712430:AAHrBq9VZ30qOGEdbIS6CCIZi1N8kOPbo5A/getUpdates "HTTP/1.1 200 OK"
2025-04-10 08:22:50,849 - httpx - INFO - HTTP Request: POST https://api.telegram.org/bot7155712430:AAHrBq9VZ30qOGEdbIS6CCIZi1N8kOPbo5A/getUpdates "HTTP/1.1 200 OK"
2025-04-10 08:23:01,142 - httpx - INFO - HTTP Request: POST https://api.telegram.org/bot7155712430:AAHrBq9VZ30qOGEdbIS6CCIZi1N8kOPbo5A/getUpdates "HTTP/1.1 200 OK"
2025-04-10 08:23:11,449 - httpx - INFO - HTTP Request: POST https://api.telegram.org/bot7155712430:AAHrBq9VZ30qOGEdbIS6CCIZi1N8kOPbo5A/getUpdates "HTTP/1.1 200 OK"
2025-04-10 08:23:21,747 - httpx - INFO - HTTP Request: POST https://api.telegram.org/bot7155712430:AAHrBq9VZ30qOGEdbIS6CCIZi1N8kOPbo5A/getUpdates "HTTP/1.1 200 OK"
2025-04-10 08:23:32,049 - httpx - INFO - HTTP Request: POST https://api.telegram.org/bot7155712430:AAHrBq9VZ30qOGEdbIS6CCIZi1N8kOPbo5A/getUpdates "HTTP/1.1 200 OK"
2025-04-10 08:23:42,339 - httpx - INFO - HTTP Request: POST https://api.telegram.org/bot7155712430:AAHrBq9VZ30qOGEdbIS6CCIZi1N8kOPbo5A/getUpdates "HTTP/1.1 200 OK"
2025-04-10 08:23:52,648 - httpx - INFO - HTTP Request: POST https://api.telegram.org/bot7155712430:AAHrBq9VZ30qOGEdbIS6CCIZi1N8kOPbo5A/getUpdates "HTTP/1.1 200 OK"
2025-04-10 08:24:03,007 - httpx - INFO - HTTP Request: POST https://api.telegram.org/bot7155712430:AAHrBq9VZ30qOGEdbIS6CCIZi1N8kOPbo5A/getUpdates "HTTP/1.1 200 OK"
2025-04-10 08:24:13,312 - httpx - INFO - HTTP Request: POST https://api.telegram.org/bot7155712430:AAHrBq9VZ30qOGEdbIS6CCIZi1N8kOPbo5A/getUpdates "HTTP/1.1 200 OK"
2025-04-10 08:24:17,470 - httpx - INFO - HTTP Request: POST https://api.telegram.org/bot7155712430:AAHrBq9VZ30qOGEdbIS6CCIZi1N8kOPbo5A/getUpdates "HTTP/1.1 200 OK"
2025-04-10 08:24:17,471 - telegram.ext.Application - INFO - Application is stopping. This might take a moment.
2025-04-10 08:24:17,471 - telegram.ext.Application - INFO - Application.stop() complete
2025-04-10 08:24:17,472 - __main__ - INFO - Bot started
